#
# There is insufficient memory for the Java Runtime Environment to continue.
# Native memory allocation (mmap) failed to map 104861696 bytes for committing reserved memory.
# Possible reasons:
#   The system is out of physical RAM or swap space
#   In 32 bit mode, the process size limit was hit
# Possible solutions:
#   Reduce memory load on the system
#   Increase physical memory or swap space
#   Check if swap backing store is full
#   Use 64 bit Java on a 64 bit OS
#   Decrease Java heap size (-Xmx/-Xms)
#   Decrease number of Java threads
#   Decrease Java thread stack sizes (-Xss)
#   Set larger code cache with -XX:ReservedCodeCacheSize=
# This output file may be truncated or incomplete.
#
#  Out of Memory Error (os_linux.cpp:2640), pid=21544, tid=0x00007f4320266700
#
# JRE version: Java(TM) SE Runtime Environment (8.0_131-b11) (build 1.8.0_131-b11)
# Java VM: Java HotSpot(TM) 64-Bit Server VM (25.131-b11 mixed mode linux-amd64 compressed oops)
# Failed to write core dump. Core dumps have been disabled. To enable core dumping, try "ulimit -c unlimited" before starting Java again
#

---------------  T H R E A D  ---------------

Current thread (0x00007f4330073800):  VMThread [stack: 0x00007f4320166000,0x00007f4320267000] [id=21551]

Stack: [0x00007f4320166000,0x00007f4320267000],  sp=0x00007f4320265650,  free space=1021k
Native frames: (J=compiled Java code, j=interpreted, Vv=VM code, C=native code)
V  [libjvm.so+0xac826a]  VMError::report_and_die()+0x2ba
V  [libjvm.so+0x4fd4cb]  report_vm_out_of_memory(char const*, int, unsigned long, VMErrorType, char const*)+0x8b
V  [libjvm.so+0x924f53]  os::Linux::commit_memory_impl(char*, unsigned long, bool)+0x103
V  [libjvm.so+0x9254a9]  os::pd_commit_memory(char*, unsigned long, unsigned long, bool)+0x29
V  [libjvm.so+0x91f6ca]  os::commit_memory(char*, unsigned long, unsigned long, bool)+0x2a
V  [libjvm.so+0xac3fc9]  VirtualSpace::expand_by(unsigned long, bool)+0x199
V  [libjvm.so+0x5faa65]  OneContigSpaceCardGeneration::grow_by(unsigned long)+0x25
V  [libjvm.so+0x5fae2f]  CardGeneration::expand(unsigned long, unsigned long)+0x6f
V  [libjvm.so+0x5faede]  OneContigSpaceCardGeneration::expand(unsigned long, unsigned long)+0x3e
V  [libjvm.so+0x5fabb8]  OneContigSpaceCardGeneration::expand_and_allocate(unsigned long, bool, bool)+0xc8
V  [libjvm.so+0x4877c4]  GenCollectorPolicy::expand_heap_and_allocate(unsigned long, bool)+0xc4
V  [libjvm.so+0x488472]  GenCollectorPolicy::satisfy_failed_allocation(unsigned long, bool)+0x162
V  [libjvm.so+0xac9274]  VM_GenCollectForAllocation::doit()+0x94
V  [libjvm.so+0xad1765]  VM_Operation::evaluate()+0x55
V  [libjvm.so+0xacfb3a]  VMThread::evaluate_operation(VM_Operation*)+0xba
V  [libjvm.so+0xacfebe]  VMThread::loop()+0x1ce
V  [libjvm.so+0xad0330]  VMThread::run()+0x70
V  [libjvm.so+0x927568]  java_start(Thread*)+0x108

VM_Operation (0x00007f4319603040): GenCollectForAllocation, mode: safepoint, requested by thread 0x00007f430c28d000


---------------  P R O C E S S  ---------------

Java Threads: ( => current thread )
  0x00007f4308102800 JavaThread "communication thread" daemon [_thread_blocked, id=21600, stack(0x00007f4319403000,0x00007f4319504000)]
  0x00007f430c28d000 JavaThread "LocalJobRunner Map Task Executor #0" [_thread_blocked, id=21599, stack(0x00007f4319504000,0x00007f4319605000)]
  0x00007f43080f3800 JavaThread "Thread-19" [_thread_blocked, id=21596, stack(0x00007f431a09c000,0x00007f431a19d000)]
  0x00007f433000f000 JavaThread "DestroyJavaVM" [_thread_blocked, id=21550, stack(0x00007f4337155000,0x00007f4337256000)]
  0x00007f4330b56800 JavaThread "Thread-4" [_thread_blocked, id=21563, stack(0x00007f431a6b5000,0x00007f431a7b6000)]
  0x00007f4330b53800 JavaThread "org.apache.hadoop.fs.FileSystem$Statistics$StatisticsDataReferenceCleaner" daemon [_thread_blocked, id=21562, stack(0x00007f431abc5000,0x00007f431acc6000)]
  0x00007f4330a4c800 JavaThread "process reaper" daemon [_thread_blocked, id=21560, stack(0x00007f431acc6000,0x00007f431acff000)]
  0x00007f43300cc800 JavaThread "Service Thread" daemon [_thread_blocked, id=21557, stack(0x00007f431b670000,0x00007f431b771000)]
  0x00007f43300b7800 JavaThread "C1 CompilerThread1" daemon [_thread_blocked, id=21556, stack(0x00007f431b771000,0x00007f431b872000)]
  0x00007f43300b5000 JavaThread "C2 CompilerThread0" daemon [_thread_blocked, id=21555, stack(0x00007f431b872000,0x00007f431b973000)]
  0x00007f43300b3800 JavaThread "Signal Dispatcher" daemon [_thread_blocked, id=21554, stack(0x00007f431b973000,0x00007f431ba74000)]
  0x00007f4330080000 JavaThread "Finalizer" daemon [_thread_blocked, id=21553, stack(0x00007f431beff000,0x00007f431c000000)]
  0x00007f433007b000 JavaThread "Reference Handler" daemon [_thread_blocked, id=21552, stack(0x00007f4320065000,0x00007f4320166000)]

Other Threads:
=>0x00007f4330073800 VMThread [stack: 0x00007f4320166000,0x00007f4320267000] [id=21551]
  0x00007f43300cf800 WatcherThread [stack: 0x00007f431b56f000,0x00007f431b670000] [id=21558]

VM state:at safepoint (normal execution)

VM Mutex/Monitor currently owned by a thread:  ([mutex/lock_event])
[0x00007f433000b5e0] Threads_lock - owner thread: 0x00007f4330073800
[0x00007f433000bae0] Heap_lock - owner thread: 0x00007f430c28d000

Heap:
 def new generation   total 9920K, used 0K [0x00000000e0e00000, 0x00000000e18c0000, 0x00000000eb400000)
  eden space 8832K,   0% used [0x00000000e0e00000, 0x00000000e0e00000, 0x00000000e16a0000)
  from space 1088K,   0% used [0x00000000e16a0000, 0x00000000e16a0000, 0x00000000e17b0000)
  to   space 1088K,   0% used [0x00000000e17b0000, 0x00000000e17b0000, 0x00000000e18c0000)
 tenured generation   total 21888K, used 6412K [0x00000000eb400000, 0x00000000ec960000, 0x0000000100000000)
   the space 21888K,  29% used [0x00000000eb400000, 0x00000000eba43220, 0x00000000eba43400, 0x00000000ec960000)
 Metaspace       used 17333K, capacity 17530K, committed 17792K, reserved 1064960K
  class space    used 2041K, capacity 2125K, committed 2176K, reserved 1048576K

Card table byte_map: [0x00007f43341b9000,0x00007f43342b3000] byte_map_base: 0x00007f4333ab2000

Polling page: 0x00007f433726f000

CodeCache: size=245760Kb used=5486Kb max_used=5563Kb free=240273Kb
 bounds [0x00007f4321000000, 0x00007f4321580000, 0x00007f4330000000]
 total_blobs=1991 nmethods=1579 adapters=325
 compilation: enabled

Compilation events (10 events):
Event: 9.405 Thread 0x00007f43300b7800 1795       2       java.util.regex.Matcher::getTextLength (10 bytes)
Event: 9.405 Thread 0x00007f43300b7800 nmethod 1795 0x00007f4321457e90 code [0x00007f4321458000, 0x00007f4321458160]
Event: 9.406 Thread 0x00007f43300b7800 1796       2       java.util.WeakHashMap::get (77 bytes)
Event: 9.406 Thread 0x00007f43300b7800 nmethod 1796 0x00007f4321158150 code [0x00007f43211582e0, 0x00007f43211585c0]
Event: 9.500 Thread 0x00007f43300b7800 1797   !   2       org.apache.hadoop.conf.Configuration::substituteVars (185 bytes)
Event: 9.501 Thread 0x00007f43300b7800 nmethod 1797 0x00007f4321345390 code [0x00007f4321345620, 0x00007f4321345f60]
Event: 9.502 Thread 0x00007f43300b7800 1798       2       java.lang.String::subSequence (7 bytes)
Event: 9.502 Thread 0x00007f43300b7800 nmethod 1798 0x00007f4321157dd0 code [0x00007f4321157f40, 0x00007f43211580a0]
Event: 9.502 Thread 0x00007f43300b7800 1799  s    2       org.apache.hadoop.conf.Configuration::getProps (147 bytes)
Event: 9.503 Thread 0x00007f43300b7800 nmethod 1799 0x00007f43213f34d0 code [0x00007f43213f3700, 0x00007f43213f3dd8]

GC Heap History (10 events):
Event: 8.149 GC heap before
{Heap before GC invocations=12 (full 0):
 def new generation   total 9792K, used 9470K [0x00000000e0e00000, 0x00000000e18a0000, 0x00000000eb400000)
  eden space 8704K, 100% used [0x00000000e0e00000, 0x00000000e1680000, 0x00000000e1680000)
  from space 1088K,  70% used [0x00000000e1680000, 0x00000000e173fbd0, 0x00000000e1790000)
  to   space 1088K,   0% used [0x00000000e1790000, 0x00000000e1790000, 0x00000000e18a0000)
 tenured generation   total 21888K, used 6590K [0x00000000eb400000, 0x00000000ec960000, 0x0000000100000000)
   the space 21888K,  30% used [0x00000000eb400000, 0x00000000eba6fbb8, 0x00000000eba6fc00, 0x00000000ec960000)
 Metaspace       used 16413K, capacity 16634K, committed 16896K, reserved 1064960K
  class space    used 1928K, capacity 1997K, committed 2048K, reserved 1048576K
Event: 8.155 GC heap after
Heap after GC invocations=13 (full 0):
 def new generation   total 9792K, used 429K [0x00000000e0e00000, 0x00000000e18a0000, 0x00000000eb400000)
  eden space 8704K,   0% used [0x00000000e0e00000, 0x00000000e0e00000, 0x00000000e1680000)
  from space 1088K,  39% used [0x00000000e1790000, 0x00000000e17fb6c0, 0x00000000e18a0000)
  to   space 1088K,   0% used [0x00000000e1680000, 0x00000000e1680000, 0x00000000e1790000)
 tenured generation   total 21888K, used 7266K [0x00000000eb400000, 0x00000000ec960000, 0x0000000100000000)
   the space 21888K,  33% used [0x00000000eb400000, 0x00000000ebb18a88, 0x00000000ebb18c00, 0x00000000ec960000)
 Metaspace       used 16413K, capacity 16634K, committed 16896K, reserved 1064960K
  class space    used 1928K, capacity 1997K, committed 2048K, reserved 1048576K
}
Event: 8.362 GC heap before
{Heap before GC invocations=13 (full 0):
 def new generation   total 9792K, used 9133K [0x00000000e0e00000, 0x00000000e18a0000, 0x00000000eb400000)
  eden space 8704K, 100% used [0x00000000e0e00000, 0x00000000e1680000, 0x00000000e1680000)
  from space 1088K,  39% used [0x00000000e1790000, 0x00000000e17fb6c0, 0x00000000e18a0000)
  to   space 1088K,   0% used [0x00000000e1680000, 0x00000000e1680000, 0x00000000e1790000)
 tenured generation   total 21888K, used 7266K [0x00000000eb400000, 0x00000000ec960000, 0x0000000100000000)
   the space 21888K,  33% used [0x00000000eb400000, 0x00000000ebb18a88, 0x00000000ebb18c00, 0x00000000ec960000)
 Metaspace       used 16543K, capacity 16794K, committed 16896K, reserved 1064960K
  class space    used 1943K, capacity 2029K, committed 2048K, reserved 1048576K
Event: 8.365 GC heap after
Heap after GC invocations=14 (full 0):
 def new generation   total 9792K, used 661K [0x00000000e0e00000, 0x00000000e18a0000, 0x00000000eb400000)
  eden space 8704K,   0% used [0x00000000e0e00000, 0x00000000e0e00000, 0x00000000e1680000)
  from space 1088K,  60% used [0x00000000e1680000, 0x00000000e1725480, 0x00000000e1790000)
  to   space 1088K,   0% used [0x00000000e1790000, 0x00000000e1790000, 0x00000000e18a0000)
 tenured generation   total 21888K, used 7266K [0x00000000eb400000, 0x00000000ec960000, 0x0000000100000000)
   the space 21888K,  33% used [0x00000000eb400000, 0x00000000ebb18a88, 0x00000000ebb18c00, 0x00000000ec960000)
 Metaspace       used 16543K, capacity 16794K, committed 16896K, reserved 1064960K
  class space    used 1943K, capacity 2029K, committed 2048K, reserved 1048576K
}
Event: 8.793 GC heap before
{Heap before GC invocations=14 (full 0):
 def new generation   total 9792K, used 9365K [0x00000000e0e00000, 0x00000000e18a0000, 0x00000000eb400000)
  eden space 8704K, 100% used [0x00000000e0e00000, 0x00000000e1680000, 0x00000000e1680000)
  from space 1088K,  60% used [0x00000000e1680000, 0x00000000e1725480, 0x00000000e1790000)
  to   space 1088K,   0% used [0x00000000e1790000, 0x00000000e1790000, 0x00000000e18a0000)
 tenured generation   total 21888K, used 7266K [0x00000000eb400000, 0x00000000ec960000, 0x0000000100000000)
   the space 21888K,  33% used [0x00000000eb400000, 0x00000000ebb18a88, 0x00000000ebb18c00, 0x00000000ec960000)
 Metaspace       used 16810K, capacity 17082K, committed 17280K, reserved 1064960K
  class space    used 1975K, capacity 2061K, committed 2176K, reserved 1048576K
Event: 8.796 GC heap after
Heap after GC invocations=15 (full 0):
 def new generation   total 9792K, used 521K [0x00000000e0e00000, 0x00000000e18a0000, 0x00000000eb400000)
  eden space 8704K,   0% used [0x00000000e0e00000, 0x00000000e0e00000, 0x00000000e1680000)
  from space 1088K,  47% used [0x00000000e1790000, 0x00000000e1812788, 0x00000000e18a0000)
  to   space 1088K,   0% used [0x00000000e1680000, 0x00000000e1680000, 0x00000000e1790000)
 tenured generation   total 21888K, used 7408K [0x00000000eb400000, 0x00000000ec960000, 0x0000000100000000)
   the space 21888K,  33% used [0x00000000eb400000, 0x00000000ebb3c328, 0x00000000ebb3c400, 0x00000000ec960000)
 Metaspace       used 16810K, capacity 17082K, committed 17280K, reserved 1064960K
  class space    used 1975K, capacity 2061K, committed 2176K, reserved 1048576K
}
Event: 9.436 GC heap before
{Heap before GC invocations=15 (full 0):
 def new generation   total 9792K, used 9225K [0x00000000e0e00000, 0x00000000e18a0000, 0x00000000eb400000)
  eden space 8704K, 100% used [0x00000000e0e00000, 0x00000000e1680000, 0x00000000e1680000)
  from space 1088K,  47% used [0x00000000e1790000, 0x00000000e1812788, 0x00000000e18a0000)
  to   space 1088K,   0% used [0x00000000e1680000, 0x00000000e1680000, 0x00000000e1790000)
 tenured generation   total 21888K, used 7408K [0x00000000eb400000, 0x00000000ec960000, 0x0000000100000000)
   the space 21888K,  33% used [0x00000000eb400000, 0x00000000ebb3c328, 0x00000000ebb3c400, 0x00000000ec960000)
 Metaspace       used 17238K, capacity 17466K, committed 17792K, reserved 1064960K
  class space    used 2031K, capacity 2125K, committed 2176K, reserved 1048576K
Event: 9.439 GC heap after
Heap after GC invocations=16 (full 0):
 def new generation   total 9792K, used 679K [0x00000000e0e00000, 0x00000000e18a0000, 0x00000000eb400000)
  eden space 8704K,   0% used [0x00000000e0e00000, 0x00000000e0e00000, 0x00000000e1680000)
  from space 1088K,  62% used [0x00000000e1680000, 0x00000000e1729e70, 0x00000000e1790000)
  to   space 1088K,   0% used [0x00000000e1790000, 0x00000000e1790000, 0x00000000e18a0000)
 tenured generation   total 21888K, used 7408K [0x00000000eb400000, 0x00000000ec960000, 0x0000000100000000)
   the space 21888K,  33% used [0x00000000eb400000, 0x00000000ebb3c328, 0x00000000ebb3c400, 0x00000000ec960000)
 Metaspace       used 17238K, capacity 17466K, committed 17792K, reserved 1064960K
  class space    used 2031K, capacity 2125K, committed 2176K, reserved 1048576K
}
Event: 9.509 GC heap before
{Heap before GC invocations=16 (full 0):
 def new generation   total 9792K, used 1844K [0x00000000e0e00000, 0x00000000e18a0000, 0x00000000eb400000)
  eden space 8704K,  13% used [0x00000000e0e00000, 0x00000000e0f234c0, 0x00000000e1680000)
  from space 1088K,  62% used [0x00000000e1680000, 0x00000000e1729e70, 0x00000000e1790000)
  to   space 1088K,   0% used [0x00000000e1790000, 0x00000000e1790000, 0x00000000e18a0000)
 tenured generation   total 21888K, used 7408K [0x00000000eb400000, 0x00000000ec960000, 0x0000000100000000)
   the space 21888K,  33% used [0x00000000eb400000, 0x00000000ebb3c328, 0x00000000ebb3c400, 0x00000000ec960000)
 Metaspace       used 17333K, capacity 17530K, committed 17792K, reserved 1064960K
  class space    used 2041K, capacity 2125K, committed 2176K, reserved 1048576K
Event: 9.651 GC heap after
Heap after GC invocations=17 (full 1):
 def new generation   total 9920K, used 0K [0x00000000e0e00000, 0x00000000e18c0000, 0x00000000eb400000)
  eden space 8832K,   0% used [0x00000000e0e00000, 0x00000000e0e00000, 0x00000000e16a0000)
  from space 1088K,   0% used [0x00000000e16a0000, 0x00000000e16a0000, 0x00000000e17b0000)
  to   space 1088K,   0% used [0x00000000e17b0000, 0x00000000e17b0000, 0x00000000e18c0000)
 tenured generation   total 21888K, used 6412K [0x00000000eb400000, 0x00000000ec960000, 0x0000000100000000)
   the space 21888K,  29% used [0x00000000eb400000, 0x00000000eba43220, 0x00000000eba43400, 0x00000000ec960000)
 Metaspace       used 17333K, capacity 17530K, committed 17792K, reserved 1064960K
  class space    used 2041K, capacity 2125K, committed 2176K, reserved 1048576K
}

Deoptimization events (10 events):
Event: 5.147 Thread 0x00007f433000f000 Uncommon trap: reason=unstable_if action=reinterpret pc=0x00007f4321202104 method=sun.misc.MetaIndex.mayContain(Ljava/lang/String;)Z @ 38
Event: 6.189 Thread 0x00007f4330b56800 Uncommon trap: reason=unstable_if action=reinterpret pc=0x00007f43213a5b14 method=java.util.HashMap.putVal(ILjava/lang/Object;Ljava/lang/Object;ZZ)Ljava/lang/Object; @ 236
Event: 7.146 Thread 0x00007f4330b56800 Uncommon trap: reason=class_check action=maybe_recompile pc=0x00007f4321471170 method=java.util.regex.Pattern$Curly.match(Ljava/util/regex/Matcher;ILjava/lang/CharSequence;)Z @ 19
Event: 7.146 Thread 0x00007f4330b56800 Uncommon trap: reason=class_check action=maybe_recompile pc=0x00007f4321471170 method=java.util.regex.Pattern$Curly.match(Ljava/util/regex/Matcher;ILjava/lang/CharSequence;)Z @ 19
Event: 7.220 Thread 0x00007f4330b56800 Uncommon trap: reason=class_check action=maybe_recompile pc=0x00007f4321471170 method=java.util.regex.Pattern$Curly.match(Ljava/util/regex/Matcher;ILjava/lang/CharSequence;)Z @ 19
Event: 7.220 Thread 0x00007f4330b56800 Uncommon trap: reason=class_check action=maybe_recompile pc=0x00007f4321471170 method=java.util.regex.Pattern$Curly.match(Ljava/util/regex/Matcher;ILjava/lang/CharSequence;)Z @ 19
Event: 7.796 Thread 0x00007f4330b56800 Uncommon trap: reason=unstable_if action=reinterpret pc=0x00007f43211e919c method=sun.nio.cs.UTF_8$Encoder.encodeArrayLoop(Ljava/nio/CharBuffer;Ljava/nio/ByteBuffer;)Ljava/nio/charset/CoderResult; @ 113
Event: 8.023 Thread 0x00007f4330b56800 Uncommon trap: reason=unstable_if action=reinterpret pc=0x00007f43213ffdb0 method=org.apache.xerces.dom.DeferredDocumentImpl.clearChunkIndex([[III)I @ 47
Event: 8.037 Thread 0x00007f4330b56800 Uncommon trap: reason=unstable_if action=reinterpret pc=0x00007f432133f1cc method=org.apache.xerces.dom.DeferredDocumentImpl.clearChunkIndex([[III)I @ 47
Event: 8.607 Thread 0x00007f43080f3800 Uncommon trap: reason=unstable_if action=reinterpret pc=0x00007f4321316a70 method=java.lang.AbstractStringBuilder.append(Ljava/lang/String;)Ljava/lang/AbstractStringBuilder; @ 1

Internal exceptions (10 events):
Event: 2.050 Thread 0x00007f433000f000 Exception <a 'java/lang/ClassNotFoundException': org/apache/log4j/AppenderSkeletonCustomizer> (0x00000000e15eecf0) thrown at [/HUDSON/workspace/8-2-build-linux-amd64/jdk8u131/8869/hotspot/src/share/vm/classfile/systemDictionary.cpp, line 210]
Event: 2.061 Thread 0x00007f433000f000 Exception <a 'java/lang/ClassNotFoundException': org/apache/log4j/WriterAppenderCustomizer> (0x00000000e1623260) thrown at [/HUDSON/workspace/8-2-build-linux-amd64/jdk8u131/8869/hotspot/src/share/vm/classfile/systemDictionary.cpp, line 210]
Event: 2.065 Thread 0x00007f433000f000 Exception <a 'java/lang/ClassNotFoundException': org/apache/log4j/FileAppenderCustomizer> (0x00000000e164ed78) thrown at [/HUDSON/workspace/8-2-build-linux-amd64/jdk8u131/8869/hotspot/src/share/vm/classfile/systemDictionary.cpp, line 210]
Event: 2.073 Thread 0x00007f433000f000 Exception <a 'java/lang/ClassNotFoundException': org/apache/log4j/RollingFileAppenderCustomizer> (0x00000000e167e3b0) thrown at [/HUDSON/workspace/8-2-build-linux-amd64/jdk8u131/8869/hotspot/src/share/vm/classfile/systemDictionary.cpp, line 210]
Event: 4.576 Thread 0x00007f433000f000 Exception <a 'java/lang/NoSuchFieldError': method resolution failed> (0x00000000e151f950) thrown at [/HUDSON/workspace/8-2-build-linux-amd64/jdk8u131/8869/hotspot/src/share/vm/prims/methodHandles.cpp, line 1146]
Event: 4.591 Thread 0x00007f433000f000 Exception <a 'java/lang/NoSuchFieldError': method resolution failed> (0x00000000e152d010) thrown at [/HUDSON/workspace/8-2-build-linux-amd64/jdk8u131/8869/hotspot/src/share/vm/prims/methodHandles.cpp, line 1146]
Event: 4.932 Thread 0x00007f433000f000 Exception <a 'java/io/FileNotFoundException'> (0x00000000e0e993c8) thrown at [/HUDSON/workspace/8-2-build-linux-amd64/jdk8u131/8869/hotspot/src/share/vm/prims/jni.cpp, line 709]
Event: 4.932 Thread 0x00007f433000f000 Exception <a 'java/security/PrivilegedActionException'> (0x00000000e0e99830) thrown at [/HUDSON/workspace/8-2-build-linux-amd64/jdk8u131/8869/hotspot/src/share/vm/prims/jvm.cpp, line 1390]
Event: 4.932 Thread 0x00007f433000f000 Exception <a 'java/lang/reflect/InvocationTargetException'> (0x00000000e0e9b8f0) thrown at [/HUDSON/workspace/8-2-build-linux-amd64/jdk8u131/8869/hotspot/src/share/vm/runtime/reflection.cpp, line 1092]
Event: 8.605 Thread 0x00007f43080f3800 Implicit null exception at 0x00007f43213166b5 to 0x00007f4321316a5d

Events (10 events):
Event: 9.500 loading class org/apache/hadoop/mapred/MapTask$MapOutputBuffer$SpillThread done
Event: 9.503 loading class sun/misc/FloatingDecimal$ASCIIToBinaryBuffer
Event: 9.506 loading class sun/misc/FloatingDecimal$ASCIIToBinaryBuffer done
Event: 9.506 loading class org/apache/hadoop/util/QuickSort
Event: 9.506 loading class org/apache/hadoop/util/QuickSort done
Event: 9.507 loading class org/apache/hadoop/util/IndexedSorter
Event: 9.507 loading class org/apache/hadoop/util/IndexedSorter done
Event: 9.507 loading class org/apache/hadoop/util/HeapSort
Event: 9.507 loading class org/apache/hadoop/util/HeapSort done
Event: 9.509 Executing VM operation: GenCollectForAllocation


Dynamic libraries:
00400000-00401000 r-xp 00000000 08:01 546111                             /usr/lib/jvm/jdk1.8.0_131/bin/java
00600000-00601000 rw-p 00000000 08:01 546111                             /usr/lib/jvm/jdk1.8.0_131/bin/java
009eb000-00a0c000 rw-p 00000000 00:00 0                                  [heap]
e0e00000-e18c0000 rw-p 00000000 00:00 0 
e18c0000-eb400000 ---p 00000000 00:00 0 
eb400000-ec960000 rw-p 00000000 00:00 0 
f2d61000-100000000 ---p 00000000 00:00 0 
100000000-100220000 rw-p 00000000 00:00 0 
100220000-140000000 ---p 00000000 00:00 0 
7f4300000000-7f43004ed000 rw-p 00000000 00:00 0 
7f43004ed000-7f4304000000 ---p 00000000 00:00 0 
7f4304000000-7f4304021000 rw-p 00000000 00:00 0 
7f4304021000-7f4308000000 ---p 00000000 00:00 0 
7f4308000000-7f430811d000 rw-p 00000000 00:00 0 
7f430811d000-7f430c000000 ---p 00000000 00:00 0 
7f430c000000-7f430c4dd000 rw-p 00000000 00:00 0 
7f430c4dd000-7f4310000000 ---p 00000000 00:00 0 
7f4310000000-7f4310021000 rw-p 00000000 00:00 0 
7f4310021000-7f4314000000 ---p 00000000 00:00 0 
7f4314000000-7f4314021000 rw-p 00000000 00:00 0 
7f4314021000-7f4318000000 ---p 00000000 00:00 0 
7f4319302000-7f4319305000 ---p 00000000 00:00 0 
7f4319305000-7f4319403000 rw-p 00000000 00:00 0 
7f4319403000-7f4319406000 ---p 00000000 00:00 0 
7f4319406000-7f4319504000 rw-p 00000000 00:00 0 
7f4319504000-7f4319507000 ---p 00000000 00:00 0 
7f4319507000-7f4319745000 rw-p 00000000 00:00 0 
7f4319745000-7f4319805000 ---p 00000000 00:00 0 
7f4319805000-7f4319818000 r--s 00345000 08:01 688140                     /usr/lib/jvm/jdk1.8.0_131/jre/lib/resources.jar
7f4319818000-7f4319829000 r-xp 00000000 08:01 688314                     /usr/lib/jvm/jdk1.8.0_131/jre/lib/amd64/libnio.so
7f4319829000-7f4319a28000 ---p 00011000 08:01 688314                     /usr/lib/jvm/jdk1.8.0_131/jre/lib/amd64/libnio.so
7f4319a28000-7f4319a29000 rw-p 00010000 08:01 688314                     /usr/lib/jvm/jdk1.8.0_131/jre/lib/amd64/libnio.so
7f4319a29000-7f4319a3f000 r-xp 00000000 08:01 923004                     /lib/x86_64-linux-gnu/libgcc_s.so.1
7f4319a3f000-7f4319c3e000 ---p 00016000 08:01 923004                     /lib/x86_64-linux-gnu/libgcc_s.so.1
7f4319c3e000-7f4319c3f000 rw-p 00015000 08:01 923004                     /lib/x86_64-linux-gnu/libgcc_s.so.1
7f4319c4a000-7f4319c4f000 r--s 002f9000 08:01 688100                     /usr/lib/jvm/jdk1.8.0_131/jre/lib/charsets.jar
7f4319c4f000-7f4319c55000 r--s 0003f000 08:01 688166                     /usr/lib/jvm/jdk1.8.0_131/jre/lib/ext/sunjce_provider.jar
7f4319c55000-7f4319c87000 r-xp 00000000 08:01 688263                     /usr/lib/jvm/jdk1.8.0_131/jre/lib/amd64/libsunec.so
7f4319c87000-7f4319e86000 ---p 00032000 08:01 688263                     /usr/lib/jvm/jdk1.8.0_131/jre/lib/amd64/libsunec.so
7f4319e86000-7f4319e8c000 rw-p 00031000 08:01 688263                     /usr/lib/jvm/jdk1.8.0_131/jre/lib/amd64/libsunec.so
7f4319e8c000-7f431a09c000 rw-p 00000000 00:00 0 
7f431a09c000-7f431a09f000 ---p 00000000 00:00 0 
7f431a09f000-7f431a49e000 rw-p 00000000 00:00 0 
7f431a49e000-7f431a4b4000 r-xp 00000000 08:01 688311                     /usr/lib/jvm/jdk1.8.0_131/jre/lib/amd64/libnet.so
7f431a4b4000-7f431a6b4000 ---p 00016000 08:01 688311                     /usr/lib/jvm/jdk1.8.0_131/jre/lib/amd64/libnet.so
7f431a6b4000-7f431a6b5000 rw-p 00016000 08:01 688311                     /usr/lib/jvm/jdk1.8.0_131/jre/lib/amd64/libnet.so
7f431a6b5000-7f431a6b8000 ---p 00000000 00:00 0 
7f431a6b8000-7f431a9b6000 rw-p 00000000 00:00 0 
7f431a9b6000-7f431a9ba000 r--s 0003a000 08:01 688163                     /usr/lib/jvm/jdk1.8.0_131/jre/lib/ext/sunpkcs11.jar
7f431a9ba000-7f431a9bc000 r--s 00009000 08:01 688156                     /usr/lib/jvm/jdk1.8.0_131/jre/lib/ext/sunec.jar
7f431a9bc000-7f431a9bf000 r--s 0001a000 08:01 688327                     /usr/lib/jvm/jdk1.8.0_131/jre/lib/jce.jar
7f431a9bf000-7f431a9c4000 r--s 0009a000 08:01 688154                     /usr/lib/jvm/jdk1.8.0_131/jre/lib/jsse.jar
7f431a9c4000-7f431a9c5000 r-xp 00000000 08:01 688297                     /usr/lib/jvm/jdk1.8.0_131/jre/lib/amd64/libjaas_unix.so
7f431a9c5000-7f431abc4000 ---p 00001000 08:01 688297                     /usr/lib/jvm/jdk1.8.0_131/jre/lib/amd64/libjaas_unix.so
7f431abc4000-7f431abc5000 rw-p 00000000 08:01 688297                     /usr/lib/jvm/jdk1.8.0_131/jre/lib/amd64/libjaas_unix.so
7f431abc5000-7f431abc8000 ---p 00000000 00:00 0 
7f431abc8000-7f431acc6000 rw-p 00000000 00:00 0 
7f431acc6000-7f431acc9000 ---p 00000000 00:00 0 
7f431acc9000-7f431aeff000 rw-p 00000000 00:00 0 
7f431aeff000-7f431af08000 r-xp 00000000 08:01 688319                     /usr/lib/jvm/jdk1.8.0_131/jre/lib/amd64/libmanagement.so
7f431af08000-7f431b107000 ---p 00009000 08:01 688319                     /usr/lib/jvm/jdk1.8.0_131/jre/lib/amd64/libmanagement.so
7f431b107000-7f431b108000 rw-p 00008000 08:01 688319                     /usr/lib/jvm/jdk1.8.0_131/jre/lib/amd64/libmanagement.so
7f431b108000-7f431b13e000 r--s 0031a000 08:01 276735                     /usr/local/hadoop/share/hadoop/common/hadoop-common-2.7.3.jar
7f431b13e000-7f431b142000 r--s 00029000 08:01 276737                     /usr/local/hadoop/share/hadoop/common/hadoop-nfs-2.7.3.jar
7f431b142000-7f431b143000 r--s 0000a000 08:01 276681                     /usr/local/hadoop/share/hadoop/common/lib/asm-3.2.jar
7f431b143000-7f431b145000 r--s 00015000 08:01 276701                     /usr/local/hadoop/share/hadoop/common/lib/hadoop-auth-2.7.3.jar
7f431b145000-7f431b157000 r--s 00097000 08:01 276702                     /usr/local/hadoop/share/hadoop/common/lib/apacheds-kerberos-codec-2.0.0-M15.jar
7f431b157000-7f431b15f000 r--s 0003b000 08:01 276711                     /usr/local/hadoop/share/hadoop/common/lib/curator-recipes-2.7.1.jar
7f431b15f000-7f431b164000 r--s 00036000 08:01 276697                     /usr/local/hadoop/share/hadoop/common/lib/commons-compress-1.4.1.jar
7f431b164000-7f431b169000 r--s 0003e000 08:01 276726                     /usr/local/hadoop/share/hadoop/common/lib/commons-net-3.1.jar
7f431b169000-7f431b16e000 r--s 0002a000 08:01 276700                     /usr/local/hadoop/share/hadoop/common/lib/gson-2.2.4.jar
7f431b16e000-7f431b174000 r--s 00045000 08:01 276722                     /usr/local/hadoop/share/hadoop/common/lib/commons-httpclient-3.1.jar
7f431b174000-7f431b176000 r--s 00009000 08:01 276719                     /usr/local/hadoop/share/hadoop/common/lib/commons-cli-1.2.jar
7f431b176000-7f431b178000 r--s 00006000 08:01 276695                     /usr/local/hadoop/share/hadoop/common/lib/paranamer-2.3.jar
7f431b178000-7f431b17c000 r--s 00035000 08:01 276676                     /usr/local/hadoop/share/hadoop/common/lib/jackson-core-asl-1.9.13.jar
7f431b17c000-7f431b17f000 r--s 00017000 08:01 276673                     /usr/local/hadoop/share/hadoop/common/lib/jaxb-api-2.2.2.jar
7f431b17f000-7f431b189000 r--s 00066000 08:01 276732                     /usr/local/hadoop/share/hadoop/common/lib/jersey-core-1.9.jar
7f431b189000-7f431b18c000 r--s 0002b000 08:01 276710                     /usr/local/hadoop/share/hadoop/common/lib/jsch-0.1.42.jar
7f431b18c000-7f431b190000 r--s 00021000 08:01 276733                     /usr/local/hadoop/share/hadoop/common/lib/jersey-json-1.9.jar
7f431b190000-7f431b199000 r--s 0006f000 08:01 276682                     /usr/local/hadoop/share/hadoop/common/lib/log4j-1.2.17.jar
7f431b199000-7f431b1a0000 r--s 0007d000 08:01 276729                     /usr/local/hadoop/share/hadoop/common/lib/jetty-6.1.26.jar
7f431b1a0000-7f431b1a6000 r--s 00043000 08:01 276688                     /usr/local/hadoop/share/hadoop/common/lib/commons-configuration-1.6.jar
7f431b1a6000-7f431b1a7000 r--s 00009000 08:01 276716                     /usr/local/hadoop/share/hadoop/common/lib/hadoop-annotations-2.7.3.jar
7f431b1a7000-7f431b1a9000 r--s 00003000 08:01 276704                     /usr/local/hadoop/share/hadoop/common/lib/api-asn1-api-1.0.0-M20.jar
7f431b1a9000-7f431b1ac000 r--s 00016000 08:01 276731                     /usr/local/hadoop/share/hadoop/common/lib/jsp-api-2.1.jar
7f431b1ac000-7f431b1ae000 r--s 000f2000 08:01 276696                     /usr/local/hadoop/share/hadoop/common/lib/snappy-java-1.0.4.1.jar
7f431b1ae000-7f431b1bc000 r--s 000b1000 08:01 276677                     /usr/local/hadoop/share/hadoop/common/lib/jackson-mapper-asl-1.9.13.jar
7f431b1bc000-7f431b1c9000 r--s 00083000 08:01 276727                     /usr/local/hadoop/share/hadoop/common/lib/commons-collections-3.2.2.jar
7f431b1c9000-7f431b1d0000 r--s 00044000 08:01 276694                     /usr/local/hadoop/share/hadoop/common/lib/avro-1.7.4.jar
7f431b1d0000-7f431b1d5000 r--s 0002a000 08:01 276690                     /usr/local/hadoop/share/hadoop/common/lib/commons-beanutils-1.7.0.jar
7f431b1d5000-7f431b1d7000 r--s 0000f000 08:01 276734                     /usr/local/hadoop/share/hadoop/common/lib/jettison-1.1.jar
7f431b1d7000-7f431b1d9000 r--s 0000d000 08:01 276724                     /usr/local/hadoop/share/hadoop/common/lib/commons-codec-1.4.jar
7f431b1d9000-7f431b1dd000 r--s 00028000 08:01 276730                     /usr/local/hadoop/share/hadoop/common/lib/jetty-util-6.1.26.jar
7f431b1dd000-7f431b1df000 r--s 0000f000 08:01 276709                     /usr/local/hadoop/share/hadoop/common/lib/curator-client-2.7.1.jar
7f431b1df000-7f431b1e3000 r--s 0002f000 08:01 276691                     /usr/local/hadoop/share/hadoop/common/lib/commons-beanutils-core-1.8.0.jar
7f431b1e3000-7f431b1e9000 r--s 00028000 08:01 276708                     /usr/local/hadoop/share/hadoop/common/lib/curator-framework-2.7.1.jar
7f431b1e9000-7f431b1f2000 r--s 00061000 08:01 276684                     /usr/local/hadoop/share/hadoop/common/lib/httpclient-4.2.5.jar
7f431b1f2000-7f431b1f3000 r--s 00004000 08:01 276686                     /usr/local/hadoop/share/hadoop/common/lib/java-xmlbuilder-0.4.jar
7f431b1f3000-7f431b1f4000 r--s 00003000 08:01 276721                     /usr/local/hadoop/share/hadoop/common/lib/xmlenc-0.52.jar
7f431b1f4000-7f431b211000 r--s 0016a000 08:01 276720                     /usr/local/hadoop/share/hadoop/common/lib/commons-math3-3.1.1.jar
7f431b211000-7f431b214000 r--s 00006000 08:01 276718                     /usr/local/hadoop/share/hadoop/common/lib/jsr305-3.0.0.jar
7f431b214000-7f431b235000 r--s 00172000 08:01 276717                     /usr/local/hadoop/share/hadoop/common/lib/guava-11.0.2.jar
7f431b235000-7f431b239000 r--s 00020000 08:01 276689                     /usr/local/hadoop/share/hadoop/common/lib/commons-digester-1.8.jar
7f431b239000-7f431b23b000 r--s 00018000 08:01 276728                     /usr/local/hadoop/share/hadoop/common/lib/servlet-api-2.5.jar
7f431b23b000-7f431b23d000 r--s 00001000 08:01 276693                     /usr/local/hadoop/share/hadoop/common/lib/slf4j-log4j12-1.7.10.jar
7f431b23d000-7f431b23e000 r--s 00006000 08:01 276679                     /usr/local/hadoop/share/hadoop/common/lib/jackson-xc-1.9.13.jar
7f431b23e000-7f431b243000 r--s 00041000 08:01 276687                     /usr/local/hadoop/share/hadoop/common/lib/commons-lang-2.6.jar
7f431b243000-7f431b25c000 r--s 00150000 08:01 276712                     /usr/local/hadoop/share/hadoop/common/lib/htrace-core-3.1.0-incubating.jar
7f431b25c000-7f431b260000 r--s 0002a000 08:01 276725                     /usr/local/hadoop/share/hadoop/common/lib/commons-io-2.4.jar
7f431b260000-7f431b262000 r--s 0000e000 08:01 276675                     /usr/local/hadoop/share/hadoop/common/lib/activation-1.1.jar
7f431b262000-7f431b264000 r--s 00012000 08:01 276705                     /usr/local/hadoop/share/hadoop/common/lib/api-util-1.0.0-M20.jar
7f431b264000-7f431b268000 r--s 00014000 08:01 276698                     /usr/local/hadoop/share/hadoop/common/lib/xz-1.0.jar
7f431b268000-7f431b269000 r--s 00004000 08:01 276678                     /usr/local/hadoop/share/hadoop/common/lib/jackson-jaxrs-1.9.13.jar
7f431b269000-7f431b26b000 r--s 00009000 08:01 276714                     /usr/local/hadoop/share/hadoop/common/lib/hamcrest-core-1.3.jar
7f431b26b000-7f431b271000 r--s 00036000 08:01 276713                     /usr/local/hadoop/share/hadoop/common/lib/junit-4.11.jar
7f431b271000-7f431b272000 r--s 0000a000 08:01 276703                     /usr/local/hadoop/share/hadoop/common/lib/apacheds-i18n-2.0.0-M15.jar
7f431b272000-7f431b284000 r--s 0009d000 08:01 276680                     /usr/local/hadoop/share/hadoop/common/lib/jersey-server-1.9.jar
7f431b284000-7f431b285000 r--s 00007000 08:01 276692                     /usr/local/hadoop/share/hadoop/common/lib/slf4j-api-1.7.10.jar
7f431b285000-7f431b298000 r--s 000c7000 08:01 276672                     /usr/local/hadoop/share/hadoop/common/lib/jaxb-impl-2.2.3-1.jar
7f431b298000-7f431b2b5000 r--s 0013e000 08:01 276715                     /usr/local/hadoop/share/hadoop/common/lib/mockito-all-1.8.5.jar
7f431b2b5000-7f431b2cc000 r--s 0010e000 08:01 276707                     /usr/local/hadoop/share/hadoop/common/lib/netty-3.6.2.Final.jar
7f431b2cc000-7f431b2ce000 r--s 00004000 08:01 276674                     /usr/local/hadoop/share/hadoop/common/lib/stax-api-1.0-2.jar
7f431b2ce000-7f431b2d4000 r--s 00032000 08:01 276685                     /usr/local/hadoop/share/hadoop/common/lib/httpcore-4.2.5.jar
7f431b2d4000-7f431b2e0000 r--s 000b6000 08:01 276706                     /usr/local/hadoop/share/hadoop/common/lib/zookeeper-3.4.6.jar
7f431b2e0000-7f431b2e8000 r--s 0007b000 08:01 276699                     /usr/local/hadoop/share/hadoop/common/lib/protobuf-java-2.5.0.jar
7f431b2e8000-7f431b2f1000 r--s 0007b000 08:01 276683                     /usr/local/hadoop/share/hadoop/common/lib/jets3t-0.9.0.jar
7f431b2f1000-7f431b2f3000 r--s 0000e000 08:01 276723                     /usr/local/hadoop/share/hadoop/common/lib/commons-logging-1.1.3.jar
7f431b2f3000-7f431b2f7000 r--s 0002b000 08:01 420930                     /usr/local/hadoop/share/hadoop/mapreduce/hadoop-mapreduce-client-hs-2.7.3.jar
7f431b2f7000-7f431b2f9000 r--s 00010000 08:01 420928                     /usr/local/hadoop/share/hadoop/mapreduce/hadoop-mapreduce-client-shuffle-2.7.3.jar
7f431b2f9000-7f431b2fb000 r--s 0000e000 08:01 420931                     /usr/local/hadoop/share/hadoop/mapreduce/hadoop-mapreduce-client-jobclient-2.7.3.jar
7f431b2fb000-7f431b313000 r--s 00164000 08:01 420926                     /usr/local/hadoop/share/hadoop/mapreduce/hadoop-mapreduce-client-core-2.7.3.jar
7f431b313000-7f431b31d000 r--s 0007a000 08:01 420929                     /usr/local/hadoop/share/hadoop/mapreduce/hadoop-mapreduce-client-app-2.7.3.jar
7f431b31d000-7f431b31e000 r--s 00006000 08:01 420932                     /usr/local/hadoop/share/hadoop/mapreduce/hadoop-mapreduce-client-hs-plugins-2.7.3.jar
7f431b31e000-7f431b32b000 r--s 000b0000 08:01 420927                     /usr/local/hadoop/share/hadoop/mapreduce/hadoop-mapreduce-client-common-2.7.3.jar
7f431b32b000-7f431b32c000 r--s 0000a000 08:01 691299                     /usr/local/hadoop/share/hadoop/mapreduce/lib/asm-3.2.jar
7f431b32c000-7f431b32e000 r--s 00000000 08:01 691305                     /usr/local/hadoop/share/hadoop/mapreduce/lib/aopalliance-1.0.jar
7f431b32e000-7f431b333000 r--s 00036000 08:01 691293                     /usr/local/hadoop/share/hadoop/mapreduce/lib/commons-compress-1.4.1.jar
7f431b333000-7f431b335000 r--s 00006000 08:01 691291                     /usr/local/hadoop/share/hadoop/mapreduce/lib/paranamer-2.3.jar
7f431b335000-7f431b339000 r--s 00035000 08:01 691289                     /usr/local/hadoop/share/hadoop/mapreduce/lib/jackson-core-asl-1.9.13.jar
7f431b339000-7f431b343000 r--s 00066000 08:01 691297                     /usr/local/hadoop/share/hadoop/mapreduce/lib/jersey-core-1.9.jar
7f431b343000-7f431b34c000 r--s 0006f000 08:01 691300                     /usr/local/hadoop/share/hadoop/mapreduce/lib/log4j-1.2.17.jar
7f431b34c000-7f431b34d000 r--s 00009000 08:01 691295                     /usr/local/hadoop/share/hadoop/mapreduce/lib/hadoop-annotations-2.7.3.jar
7f431b34d000-7f431b34e000 r--s 00003000 08:01 691306                     /usr/local/hadoop/share/hadoop/mapreduce/lib/jersey-guice-1.9.jar
7f431b34e000-7f431b350000 r--s 000f2000 08:01 691292                     /usr/local/hadoop/share/hadoop/mapreduce/lib/snappy-java-1.0.4.1.jar
7f431b350000-7f431b35e000 r--s 000b1000 08:01 691290                     /usr/local/hadoop/share/hadoop/mapreduce/lib/jackson-mapper-asl-1.9.13.jar
7f431b35e000-7f431b365000 r--s 00044000 08:01 691288                     /usr/local/hadoop/share/hadoop/mapreduce/lib/avro-1.7.4.jar
7f431b365000-7f431b367000 r--s 0000e000 08:01 691307                     /usr/local/hadoop/share/hadoop/mapreduce/lib/guice-servlet-3.0.jar
7f431b367000-7f431b376000 r--s 0009f000 08:01 691303                     /usr/local/hadoop/share/hadoop/mapreduce/lib/guice-3.0.jar
7f431b376000-7f431b37a000 r--s 0002a000 08:01 691296                     /usr/local/hadoop/share/hadoop/mapreduce/lib/commons-io-2.4.jar
7f431b37a000-7f431b37e000 r--s 00014000 08:01 691294                     /usr/local/hadoop/share/hadoop/mapreduce/lib/xz-1.0.jar
7f431b37e000-7f431b381000 r--s 000fd000 08:01 691302                     /usr/local/hadoop/share/hadoop/mapreduce/lib/leveldbjni-all-1.8.jar
7f431b381000-7f431b383000 r--s 00009000 08:01 691309                     /usr/local/hadoop/share/hadoop/mapreduce/lib/hamcrest-core-1.3.jar
7f431b383000-7f431b389000 r--s 00036000 08:01 691308                     /usr/local/hadoop/share/hadoop/mapreduce/lib/junit-4.11.jar
7f431b389000-7f431b39b000 r--s 0009d000 08:01 691298                     /usr/local/hadoop/share/hadoop/mapreduce/lib/jersey-server-1.9.jar
7f431b39b000-7f431b3b2000 r--s 0010e000 08:01 691301                     /usr/local/hadoop/share/hadoop/mapreduce/lib/netty-3.6.2.Final.jar
7f431b3b2000-7f431b3b3000 r--s 00000000 08:01 691304                     /usr/local/hadoop/share/hadoop/mapreduce/lib/javax.inject-1.jar
7f431b3b3000-7f431b3bb000 r--s 0007b000 08:01 691287                     /usr/local/hadoop/share/hadoop/mapreduce/lib/protobuf-java-2.5.0.jar
7f431b3bb000-7f431b426000 r--s 0077b000 08:01 276777                     /usr/local/hadoop/share/hadoop/hdfs/hadoop-hdfs-2.7.3.jar
7f431b426000-7f431b428000 r--s 0001d000 08:01 276779                     /usr/local/hadoop/share/hadoop/hdfs/hadoop-hdfs-nfs-2.7.3.jar
7f431b428000-7f431b429000 r--s 0000a000 08:01 276768                     /usr/local/hadoop/share/hadoop/hdfs/lib/asm-3.2.jar
7f431b429000-7f431b42b000 r--s 00009000 08:01 276758                     /usr/local/hadoop/share/hadoop/hdfs/lib/commons-cli-1.2.jar
7f431b42b000-7f431b448000 r--s 00196000 08:01 276773                     /usr/local/hadoop/share/hadoop/hdfs/lib/netty-all-4.0.23.Final.jar
7f431b448000-7f431b44c000 r--s 00035000 08:01 276765                     /usr/local/hadoop/share/hadoop/hdfs/lib/jackson-core-asl-1.9.13.jar
7f431b44c000-7f431b456000 r--s 00066000 08:01 276764                     /usr/local/hadoop/share/hadoop/hdfs/lib/jersey-core-1.9.jar
7f431b456000-7f431b45f000 r--s 0006f000 08:01 276753                     /usr/local/hadoop/share/hadoop/hdfs/lib/log4j-1.2.17.jar
7f431b45f000-7f431b466000 r--s 0007d000 08:01 276762                     /usr/local/hadoop/share/hadoop/hdfs/lib/jetty-6.1.26.jar
7f431b466000-7f431b467000 r--s 00005000 08:01 276772                     /usr/local/hadoop/share/hadoop/hdfs/lib/commons-daemon-1.0.13.jar
7f431b467000-7f431b475000 r--s 000b1000 08:01 276766                     /usr/local/hadoop/share/hadoop/hdfs/lib/jackson-mapper-asl-1.9.13.jar
7f431b475000-7f431b477000 r--s 0000d000 08:01 276752                     /usr/local/hadoop/share/hadoop/hdfs/lib/commons-codec-1.4.jar
7f431b477000-7f431b47b000 r--s 00028000 08:01 276763                     /usr/local/hadoop/share/hadoop/hdfs/lib/jetty-util-6.1.26.jar
7f431b47b000-7f431b47c000 r--s 00003000 08:01 276759                     /usr/local/hadoop/share/hadoop/hdfs/lib/xmlenc-0.52.jar
7f431b47c000-7f431b47f000 r--s 00006000 08:01 276757                     /usr/local/hadoop/share/hadoop/hdfs/lib/jsr305-3.0.0.jar
7f431b47f000-7f431b4a0000 r--s 00172000 08:01 276756                     /usr/local/hadoop/share/hadoop/hdfs/lib/guava-11.0.2.jar
7f431b4a0000-7f431b4a5000 r--s 00041000 08:01 276769                     /usr/local/hadoop/share/hadoop/hdfs/lib/commons-lang-2.6.jar
7f431b4a5000-7f431b4be000 r--s 00150000 08:01 276771                     /usr/local/hadoop/share/hadoop/hdfs/lib/htrace-core-3.1.0-incubating.jar
7f431b4be000-7f431b4c2000 r--s 0002a000 08:01 276760                     /usr/local/hadoop/share/hadoop/hdfs/lib/commons-io-2.4.jar
7f431b4c2000-7f431b4c5000 r--s 000fd000 08:01 276776                     /usr/local/hadoop/share/hadoop/hdfs/lib/leveldbjni-all-1.8.jar
7f431b4c5000-7f431b4dd000 r--s 00115000 08:01 276774                     /usr/local/hadoop/share/hadoop/hdfs/lib/xercesImpl-2.9.1.jar
7f431b4dd000-7f431b4ef000 r--s 0009d000 08:01 276767                     /usr/local/hadoop/share/hadoop/hdfs/lib/jersey-server-1.9.jar
7f431b4ef000-7f431b506000 r--s 0010e000 08:01 276755                     /usr/local/hadoop/share/hadoop/hdfs/lib/netty-3.6.2.Final.jar
7f431b506000-7f431b50e000 r--s 0007b000 08:01 276770                     /usr/local/hadoop/share/hadoop/hdfs/lib/protobuf-java-2.5.0.jar
7f431b50e000-7f431b516000 r--s 00028000 08:01 276775                     /usr/local/hadoop/share/hadoop/hdfs/lib/xml-apis-1.3.04.jar
7f431b516000-7f431b52c000 r--s 00122000 08:01 276958                     /usr/local/hadoop/share/hadoop/yarn/hadoop-yarn-server-resourcemanager-2.7.3.jar
7f431b52c000-7f431b544000 r--s 00182000 08:01 276953                     /usr/local/hadoop/share/hadoop/yarn/hadoop-yarn-common-2.7.3.jar
7f431b544000-7f431b561000 r--s 001d3000 08:01 276952                     /usr/local/hadoop/share/hadoop/yarn/hadoop-yarn-api-2.7.3.jar
7f431b561000-7f431b56f000 r--s 000a1000 08:01 276955                     /usr/local/hadoop/share/hadoop/yarn/hadoop-yarn-server-nodemanager-2.7.3.jar
7f431b56f000-7f431b570000 ---p 00000000 00:00 0 
7f431b570000-7f431b670000 rw-p 00000000 00:00 0 
7f431b670000-7f431b673000 ---p 00000000 00:00 0 
7f431b673000-7f431b771000 rw-p 00000000 00:00 0 
7f431b771000-7f431b774000 ---p 00000000 00:00 0 
7f431b774000-7f431b872000 rw-p 00000000 00:00 0 
7f431b872000-7f431b875000 ---p 00000000 00:00 0 
7f431b875000-7f431b973000 rw-p 00000000 00:00 0 
7f431b973000-7f431b976000 ---p 00000000 00:00 0 
7f431b976000-7f431ba74000 rw-p 00000000 00:00 0 
7f431ba74000-7f431beff000 r--p 00000000 08:01 131411                     /usr/lib/locale/locale-archive
7f431beff000-7f431bf02000 ---p 00000000 00:00 0 
7f431bf02000-7f431c000000 rw-p 00000000 00:00 0 
7f431c000000-7f431c2cc000 rw-p 00000000 00:00 0 
7f431c2cc000-7f4320000000 ---p 00000000 00:00 0 
7f4320000000-7f4320002000 r--s 00018000 08:01 276761                     /usr/local/hadoop/share/hadoop/hdfs/lib/servlet-api-2.5.jar
7f4320002000-7f4320004000 r--s 0000e000 08:01 276754                     /usr/local/hadoop/share/hadoop/hdfs/lib/commons-logging-1.1.3.jar
7f4320004000-7f4320006000 r--s 0000d000 08:01 276956                     /usr/local/hadoop/share/hadoop/yarn/hadoop-yarn-server-web-proxy-2.7.3.jar
7f4320006000-7f4320007000 r--s 00010000 08:01 276962                     /usr/local/hadoop/share/hadoop/yarn/hadoop-yarn-applications-distributedshell-2.7.3.jar
7f4320007000-7f432000c000 r--s 00031000 08:01 276957                     /usr/local/hadoop/share/hadoop/yarn/hadoop-yarn-server-applicationhistoryservice-2.7.3.jar
7f432000c000-7f432000f000 r--s 00026000 08:01 276960                     /usr/local/hadoop/share/hadoop/yarn/hadoop-yarn-client-2.7.3.jar
7f432000f000-7f4320017000 r--s 00057000 08:01 276954                     /usr/local/hadoop/share/hadoop/yarn/hadoop-yarn-server-common-2.7.3.jar
7f4320017000-7f4320019000 r--s 00011000 08:01 276961                     /usr/local/hadoop/share/hadoop/yarn/hadoop-yarn-server-sharedcachemanager-2.7.3.jar
7f4320019000-7f432001b000 r--s 00008000 08:01 276963                     /usr/local/hadoop/share/hadoop/yarn/hadoop-yarn-applications-unmanaged-am-launcher-2.7.3.jar
7f432001b000-7f432001e000 r--s 0001b000 08:01 276964                     /usr/local/hadoop/share/hadoop/yarn/hadoop-yarn-registry-2.7.3.jar
7f432001e000-7f432001f000 r--s 0000a000 08:01 420913                     /usr/local/hadoop/share/hadoop/yarn/lib/asm-3.2.jar
7f432001f000-7f4320028000 r--s 0007b000 08:01 420885                     /usr/local/hadoop/share/hadoop/yarn/lib/zookeeper-3.4.6-tests.jar
7f4320028000-7f432002a000 r--s 00000000 08:01 420910                     /usr/local/hadoop/share/hadoop/yarn/lib/aopalliance-1.0.jar
7f432002a000-7f432002f000 r--s 00036000 08:01 420896                     /usr/local/hadoop/share/hadoop/yarn/lib/commons-compress-1.4.1.jar
7f432002f000-7f4320031000 r--s 00009000 08:01 420891                     /usr/local/hadoop/share/hadoop/yarn/lib/commons-cli-1.2.jar
7f4320031000-7f4320035000 r--s 00035000 08:01 420903                     /usr/local/hadoop/share/hadoop/yarn/lib/jackson-core-asl-1.9.13.jar
7f4320035000-7f4320038000 r--s 00017000 08:01 420893                     /usr/local/hadoop/share/hadoop/yarn/lib/jaxb-api-2.2.2.jar
7f4320038000-7f4320042000 r--s 00066000 08:01 420901                     /usr/local/hadoop/share/hadoop/yarn/lib/jersey-core-1.9.jar
7f4320042000-7f4320046000 r--s 00021000 08:01 420914                     /usr/local/hadoop/share/hadoop/yarn/lib/jersey-json-1.9.jar
7f4320046000-7f432004f000 r--s 0006f000 08:01 420892                     /usr/local/hadoop/share/hadoop/yarn/lib/log4j-1.2.17.jar
7f432004f000-7f4320056000 r--s 0007d000 08:01 420922                     /usr/local/hadoop/share/hadoop/yarn/lib/jetty-6.1.26.jar
7f4320056000-7f4320057000 r--s 00003000 08:01 420917                     /usr/local/hadoop/share/hadoop/yarn/lib/jersey-guice-1.9.jar
7f4320057000-7f4320065000 r--s 000b1000 08:01 420904                     /usr/local/hadoop/share/hadoop/yarn/lib/jackson-mapper-asl-1.9.13.jar
7f4320065000-7f4320068000 ---p 00000000 00:00 0 
7f4320068000-7f4320166000 rw-p 00000000 00:00 0 
7f4320166000-7f4320167000 ---p 00000000 00:00 0 
7f4320167000-7f4320267000 rw-p 00000000 00:00 0 
7f4320267000-7f4320440000 r--s 03d40000 08:01 688102                     /usr/lib/jvm/jdk1.8.0_131/jre/lib/rt.jar
7f4320440000-7f4320c40000 rw-p 00000000 00:00 0 
7f4320c40000-7f4320c56000 rw-p 00000000 00:00 0 
7f4320c56000-7f4321000000 ---p 00000000 00:00 0 
7f4321000000-7f4321580000 rwxp 00000000 00:00 0 
7f4321580000-7f4330000000 ---p 00000000 00:00 0 
7f4330000000-7f4330c5b000 rw-p 00000000 00:00 0 
7f4330c5b000-7f4334000000 ---p 00000000 00:00 0 
7f4334000000-7f433400d000 r--s 00083000 08:01 420921                     /usr/local/hadoop/share/hadoop/yarn/lib/commons-collections-3.2.2.jar
7f433400d000-7f433400f000 r--s 0000f000 08:01 420915                     /usr/local/hadoop/share/hadoop/yarn/lib/jettison-1.1.jar
7f433400f000-7f4334011000 r--s 0000d000 08:01 420899                     /usr/local/hadoop/share/hadoop/yarn/lib/commons-codec-1.4.jar
7f4334011000-7f4334014000 r--s 0001d000 08:01 420902                     /usr/local/hadoop/share/hadoop/yarn/lib/jersey-client-1.9.jar
7f4334014000-7f4334018000 r--s 00028000 08:01 420900                     /usr/local/hadoop/share/hadoop/yarn/lib/jetty-util-6.1.26.jar
7f4334018000-7f433401b000 r--s 00006000 08:01 420888                     /usr/local/hadoop/share/hadoop/yarn/lib/jsr305-3.0.0.jar
7f433401b000-7f433401d000 r--s 0000e000 08:01 420907                     /usr/local/hadoop/share/hadoop/yarn/lib/guice-servlet-3.0.jar
7f433401d000-7f433403e000 r--s 00172000 08:01 420887                     /usr/local/hadoop/share/hadoop/yarn/lib/guava-11.0.2.jar
7f433403e000-7f433404d000 r--s 0009f000 08:01 420908                     /usr/local/hadoop/share/hadoop/yarn/lib/guice-3.0.jar
7f433404d000-7f433404f000 r--s 00018000 08:01 420898                     /usr/local/hadoop/share/hadoop/yarn/lib/servlet-api-2.5.jar
7f433404f000-7f4334050000 r--s 00006000 08:01 420906                     /usr/local/hadoop/share/hadoop/yarn/lib/jackson-xc-1.9.13.jar
7f4334050000-7f4334055000 r--s 00041000 08:01 420886                     /usr/local/hadoop/share/hadoop/yarn/lib/commons-lang-2.6.jar
7f4334055000-7f4334059000 r--s 0002a000 08:01 420911                     /usr/local/hadoop/share/hadoop/yarn/lib/commons-io-2.4.jar
7f4334059000-7f433405d000 r--s 00014000 08:01 420897                     /usr/local/hadoop/share/hadoop/yarn/lib/xz-1.0.jar
7f433405d000-7f433406f000 r--s 0009d000 08:01 420912                     /usr/local/hadoop/share/hadoop/yarn/lib/jersey-server-1.9.jar
7f433406f000-7f4334082000 r--s 000c7000 08:01 420916                     /usr/local/hadoop/share/hadoop/yarn/lib/jaxb-impl-2.2.3-1.jar
7f4334082000-7f4334099000 r--s 0010e000 08:01 420919                     /usr/local/hadoop/share/hadoop/yarn/lib/netty-3.6.2.Final.jar
7f4334099000-7f43341bf000 rw-p 00000000 00:00 0 
7f43341bf000-7f433420c000 ---p 00000000 00:00 0 
7f433420c000-7f4334217000 rw-p 00000000 00:00 0 
7f4334217000-7f43342b2000 ---p 00000000 00:00 0 
7f43342b2000-7f43342b3000 rw-p 00000000 00:00 0 
7f43342b3000-7f43342cd000 r-xp 00000000 08:01 688307                     /usr/lib/jvm/jdk1.8.0_131/jre/lib/amd64/libzip.so
7f43342cd000-7f43344cd000 ---p 0001a000 08:01 688307                     /usr/lib/jvm/jdk1.8.0_131/jre/lib/amd64/libzip.so
7f43344cd000-7f43344ce000 rw-p 0001a000 08:01 688307                     /usr/lib/jvm/jdk1.8.0_131/jre/lib/amd64/libzip.so
7f43344ce000-7f43344d9000 r-xp 00000000 08:01 928249                     /lib/x86_64-linux-gnu/libnss_files-2.23.so
7f43344d9000-7f43346d8000 ---p 0000b000 08:01 928249                     /lib/x86_64-linux-gnu/libnss_files-2.23.so
7f43346d8000-7f43346d9000 r--p 0000a000 08:01 928249                     /lib/x86_64-linux-gnu/libnss_files-2.23.so
7f43346d9000-7f43346da000 rw-p 0000b000 08:01 928249                     /lib/x86_64-linux-gnu/libnss_files-2.23.so
7f43346da000-7f43346e0000 rw-p 00000000 00:00 0 
7f43346e0000-7f43346eb000 r-xp 00000000 08:01 928328                     /lib/x86_64-linux-gnu/libnss_nis-2.23.so
7f43346eb000-7f43348ea000 ---p 0000b000 08:01 928328                     /lib/x86_64-linux-gnu/libnss_nis-2.23.so
7f43348ea000-7f43348eb000 r--p 0000a000 08:01 928328                     /lib/x86_64-linux-gnu/libnss_nis-2.23.so
7f43348eb000-7f43348ec000 rw-p 0000b000 08:01 928328                     /lib/x86_64-linux-gnu/libnss_nis-2.23.so
7f43348ec000-7f4334902000 r-xp 00000000 08:01 928173                     /lib/x86_64-linux-gnu/libnsl-2.23.so
7f4334902000-7f4334b01000 ---p 00016000 08:01 928173                     /lib/x86_64-linux-gnu/libnsl-2.23.so
7f4334b01000-7f4334b02000 r--p 00015000 08:01 928173                     /lib/x86_64-linux-gnu/libnsl-2.23.so
7f4334b02000-7f4334b03000 rw-p 00016000 08:01 928173                     /lib/x86_64-linux-gnu/libnsl-2.23.so
7f4334b03000-7f4334b05000 rw-p 00000000 00:00 0 
7f4334b05000-7f4334b0d000 r-xp 00000000 08:01 928384                     /lib/x86_64-linux-gnu/libnss_compat-2.23.so
7f4334b0d000-7f4334d0c000 ---p 00008000 08:01 928384                     /lib/x86_64-linux-gnu/libnss_compat-2.23.so
7f4334d0c000-7f4334d0d000 r--p 00007000 08:01 928384                     /lib/x86_64-linux-gnu/libnss_compat-2.23.so
7f4334d0d000-7f4334d0e000 rw-p 00008000 08:01 928384                     /lib/x86_64-linux-gnu/libnss_compat-2.23.so
7f4334d0e000-7f4334d39000 r-xp 00000000 08:01 688301                     /usr/lib/jvm/jdk1.8.0_131/jre/lib/amd64/libjava.so
7f4334d39000-7f4334f38000 ---p 0002b000 08:01 688301                     /usr/lib/jvm/jdk1.8.0_131/jre/lib/amd64/libjava.so
7f4334f38000-7f4334f3a000 rw-p 0002a000 08:01 688301                     /usr/lib/jvm/jdk1.8.0_131/jre/lib/amd64/libjava.so
7f4334f3a000-7f4334f47000 r-xp 00000000 08:01 688306                     /usr/lib/jvm/jdk1.8.0_131/jre/lib/amd64/libverify.so
7f4334f47000-7f4335146000 ---p 0000d000 08:01 688306                     /usr/lib/jvm/jdk1.8.0_131/jre/lib/amd64/libverify.so
7f4335146000-7f4335148000 rw-p 0000c000 08:01 688306                     /usr/lib/jvm/jdk1.8.0_131/jre/lib/amd64/libverify.so
7f4335148000-7f433514f000 r-xp 00000000 08:01 928346                     /lib/x86_64-linux-gnu/librt-2.23.so
7f433514f000-7f433534e000 ---p 00007000 08:01 928346                     /lib/x86_64-linux-gnu/librt-2.23.so
7f433534e000-7f433534f000 r--p 00006000 08:01 928346                     /lib/x86_64-linux-gnu/librt-2.23.so
7f433534f000-7f4335350000 rw-p 00007000 08:01 928346                     /lib/x86_64-linux-gnu/librt-2.23.so
7f4335350000-7f4335458000 r-xp 00000000 08:01 928451                     /lib/x86_64-linux-gnu/libm-2.23.so
7f4335458000-7f4335657000 ---p 00108000 08:01 928451                     /lib/x86_64-linux-gnu/libm-2.23.so
7f4335657000-7f4335658000 r--p 00107000 08:01 928451                     /lib/x86_64-linux-gnu/libm-2.23.so
7f4335658000-7f4335659000 rw-p 00108000 08:01 928451                     /lib/x86_64-linux-gnu/libm-2.23.so
7f4335659000-7f4336328000 r-xp 00000000 08:01 688284                     /usr/lib/jvm/jdk1.8.0_131/jre/lib/amd64/server/libjvm.so
7f4336328000-7f4336528000 ---p 00ccf000 08:01 688284                     /usr/lib/jvm/jdk1.8.0_131/jre/lib/amd64/server/libjvm.so
7f4336528000-7f4336601000 rw-p 00ccf000 08:01 688284                     /usr/lib/jvm/jdk1.8.0_131/jre/lib/amd64/server/libjvm.so
7f4336601000-7f433664c000 rw-p 00000000 00:00 0 
7f433664c000-7f433680c000 r-xp 00000000 08:01 928509                     /lib/x86_64-linux-gnu/libc-2.23.so
7f433680c000-7f4336a0c000 ---p 001c0000 08:01 928509                     /lib/x86_64-linux-gnu/libc-2.23.so
7f4336a0c000-7f4336a10000 r--p 001c0000 08:01 928509                     /lib/x86_64-linux-gnu/libc-2.23.so
7f4336a10000-7f4336a12000 rw-p 001c4000 08:01 928509                     /lib/x86_64-linux-gnu/libc-2.23.so
7f4336a12000-7f4336a16000 rw-p 00000000 00:00 0 
7f4336a16000-7f4336a19000 r-xp 00000000 08:01 928383                     /lib/x86_64-linux-gnu/libdl-2.23.so
7f4336a19000-7f4336c18000 ---p 00003000 08:01 928383                     /lib/x86_64-linux-gnu/libdl-2.23.so
7f4336c18000-7f4336c19000 r--p 00002000 08:01 928383                     /lib/x86_64-linux-gnu/libdl-2.23.so
7f4336c19000-7f4336c1a000 rw-p 00003000 08:01 928383                     /lib/x86_64-linux-gnu/libdl-2.23.so
7f4336c1a000-7f4336c2f000 r-xp 00000000 08:01 547174                     /usr/lib/jvm/jdk1.8.0_131/lib/amd64/jli/libjli.so
7f4336c2f000-7f4336e2f000 ---p 00015000 08:01 547174                     /usr/lib/jvm/jdk1.8.0_131/lib/amd64/jli/libjli.so
7f4336e2f000-7f4336e30000 rw-p 00015000 08:01 547174                     /usr/lib/jvm/jdk1.8.0_131/lib/amd64/jli/libjli.so
7f4336e30000-7f4336e48000 r-xp 00000000 08:01 928285                     /lib/x86_64-linux-gnu/libpthread-2.23.so
7f4336e48000-7f4337047000 ---p 00018000 08:01 928285                     /lib/x86_64-linux-gnu/libpthread-2.23.so
7f4337047000-7f4337048000 r--p 00017000 08:01 928285                     /lib/x86_64-linux-gnu/libpthread-2.23.so
7f4337048000-7f4337049000 rw-p 00018000 08:01 928285                     /lib/x86_64-linux-gnu/libpthread-2.23.so
7f4337049000-7f433704d000 rw-p 00000000 00:00 0 
7f433704d000-7f4337073000 r-xp 00000000 08:01 928231                     /lib/x86_64-linux-gnu/ld-2.23.so
7f4337073000-7f4337075000 r--s 0000e000 08:01 420895                     /usr/local/hadoop/share/hadoop/yarn/lib/activation-1.1.jar
7f4337075000-7f4337078000 r--s 000fd000 08:01 420920                     /usr/local/hadoop/share/hadoop/yarn/lib/leveldbjni-all-1.8.jar
7f4337078000-7f433707a000 r--s 00004000 08:01 420894                     /usr/local/hadoop/share/hadoop/yarn/lib/stax-api-1.0-2.jar
7f433707a000-7f4337086000 r--s 000b6000 08:01 420918                     /usr/local/hadoop/share/hadoop/yarn/lib/zookeeper-3.4.6.jar
7f4337086000-7f43370b9000 rw-p 00000000 00:00 0 
7f43370b9000-7f4337155000 ---p 00000000 00:00 0 
7f4337155000-7f4337158000 ---p 00000000 00:00 0 
7f4337158000-7f433725a000 rw-p 00000000 00:00 0 
7f433725a000-7f433725b000 r--s 00004000 08:01 420905                     /usr/local/hadoop/share/hadoop/yarn/lib/jackson-jaxrs-1.9.13.jar
7f433725b000-7f433725c000 r--s 00000000 08:01 420909                     /usr/local/hadoop/share/hadoop/yarn/lib/javax.inject-1.jar
7f433725c000-7f4337264000 r--s 0007b000 08:01 420890                     /usr/local/hadoop/share/hadoop/yarn/lib/protobuf-java-2.5.0.jar
7f4337264000-7f4337266000 r--s 0000e000 08:01 420889                     /usr/local/hadoop/share/hadoop/yarn/lib/commons-logging-1.1.3.jar
7f4337266000-7f433726e000 rw-s 00000000 08:01 943872                     /tmp/hsperfdata_hadoop/21544
7f433726e000-7f433726f000 rw-p 00000000 00:00 0 
7f433726f000-7f4337270000 ---p 00000000 00:00 0 
7f4337270000-7f4337272000 rw-p 00000000 00:00 0 
7f4337272000-7f4337273000 r--p 00025000 08:01 928231                     /lib/x86_64-linux-gnu/ld-2.23.so
7f4337273000-7f4337274000 rw-p 00026000 08:01 928231                     /lib/x86_64-linux-gnu/ld-2.23.so
7f4337274000-7f4337275000 rw-p 00000000 00:00 0 
7fffbae03000-7fffbaf27000 rw-p 00000000 00:00 0                          [stack]
7fffbaf6c000-7fffbaf6e000 r--p 00000000 00:00 0                          [vvar]
7fffbaf6e000-7fffbaf70000 r-xp 00000000 00:00 0                          [vdso]
ffffffffff600000-ffffffffff601000 r-xp 00000000 00:00 0                  [vsyscall]

VM Arguments:
jvm_args: -Dfile.encoding=UTF-8 
java_command: com.edu.sdu.main.NewUser
java_class_path (initial): /home/hadoop/workspace/bigDataSystem/bin:/usr/local/hadoop/share/hadoop/yarn/lib/commons-logging-1.1.3.jar:/usr/local/hadoop/share/hadoop/yarn/lib/protobuf-java-2.5.0.jar:/usr/local/hadoop/share/hadoop/yarn/lib/zookeeper-3.4.6.jar:/usr/local/hadoop/share/hadoop/yarn/lib/javax.inject-1.jar:/usr/local/hadoop/share/hadoop/yarn/lib/stax-api-1.0-2.jar:/usr/local/hadoop/share/hadoop/yarn/lib/netty-3.6.2.Final.jar:/usr/local/hadoop/share/hadoop/yarn/lib/jaxb-impl-2.2.3-1.jar:/usr/local/hadoop/share/hadoop/yarn/lib/jersey-server-1.9.jar:/usr/local/hadoop/share/hadoop/yarn/lib/leveldbjni-all-1.8.jar:/usr/local/hadoop/share/hadoop/yarn/lib/jackson-jaxrs-1.9.13.jar:/usr/local/hadoop/share/hadoop/yarn/lib/xz-1.0.jar:/usr/local/hadoop/share/hadoop/yarn/lib/activation-1.1.jar:/usr/local/hadoop/share/hadoop/yarn/lib/commons-io-2.4.jar:/usr/local/hadoop/share/hadoop/yarn/lib/commons-lang-2.6.jar:/usr/local/hadoop/share/hadoop/yarn/lib/jackson-xc-1.9.13.jar:/usr/local/hadoop/share/hadoop/yarn/lib/servlet-api-2.5.jar:/usr/local/hadoop/share/hadoop/yarn/lib/guice-3.0.jar:/usr/local/hadoop/share/hadoop/yarn/lib/guava-11.0.2.jar:/usr/local/hadoop/share/hadoop/yarn/lib/guice-servlet-3.0.jar:/usr/local/hadoop/share/hadoop/yarn/lib/jsr305-3.0.0.jar:/usr/local/hadoop/share/hadoop/yarn/lib/jetty-util-6.1.26.jar:/usr/local/hadoop/share/hadoop/yarn/lib/jersey-client-1.9.jar:/usr/local/hadoop/share/hadoop/yarn/lib/commons-codec-1.4.jar:/usr/local/hadoop/share/hadoop/yarn/lib/jettison-1.1.jar:/usr/local/hadoop/share/hadoop/yarn/lib/commons-collections-3.2.2.jar:/usr/local/hadoop/share/hadoop/yarn/lib/jackson-mapper-asl-1.9.13.jar:/usr/local/hadoop/share/hadoop/yarn/lib/jersey-guice-1.9.jar:/usr/local/hadoop/share/hadoop/yarn/lib/jetty-6.1.26.jar:/usr/local/hadoop/share/hadoop/yarn/lib/log4j-1.2.17.jar:/usr/local/hadoop/share/hadoop/yarn/lib/jersey-json-1.9.jar:/usr/local/hadoop/share/hadoop/yarn/lib/jersey-core-1.9.jar:/usr/local/hadoop/share/hadoop/yarn/lib/jaxb-api
Launcher Type: SUN_STANDARD

Environment Variables:
JAVA_HOME=/usr/lib/jvm/jdk1.8.0_131
JRE_HOME=/usr/lib/jvm/jdk1.8.0_131/jre
CLASSPATH=.::/usr/lib/jvm/jdk1.8.0_131/lib:/usr/lib/jvm/jdk1.8.0_131/jre/lib
PATH=/usr/local/sbin:/usr/local/bin:/usr/sbin:/usr/bin:/sbin:/bin:/usr/games:/usr/local/games:/usr/lib/jvm/jdk1.8.0_131/lib:/usr/lib/jvm/jdk1.8.0_131:/usr/lib/jvm/jdk1.8.0_131/bin:/usr/lib/jvm/jdk1.8.0_131/jre/bin:/usr/local/hadoop/sbin:/usr/local/hadoop/bin:/usr/local/apache-hive-1.2.2-bin/bin:/snap/bin
SHELL=/bin/bash
DISPLAY=:0

Signal Handlers:
SIGSEGV: [libjvm.so+0xac8af0], sa_mask[0]=11111111011111111101111111111110, sa_flags=SA_RESTART|SA_SIGINFO
SIGBUS: [libjvm.so+0xac8af0], sa_mask[0]=11111111011111111101111111111110, sa_flags=SA_RESTART|SA_SIGINFO
SIGFPE: [libjvm.so+0x921dd0], sa_mask[0]=11111111011111111101111111111110, sa_flags=SA_RESTART|SA_SIGINFO
SIGPIPE: [libjvm.so+0x921dd0], sa_mask[0]=11111111011111111101111111111110, sa_flags=SA_RESTART|SA_SIGINFO
SIGXFSZ: [libjvm.so+0x921dd0], sa_mask[0]=11111111011111111101111111111110, sa_flags=SA_RESTART|SA_SIGINFO
SIGILL: [libjvm.so+0x921dd0], sa_mask[0]=11111111011111111101111111111110, sa_flags=SA_RESTART|SA_SIGINFO
SIGUSR1: SIG_DFL, sa_mask[0]=00000000000000000000000000000000, sa_flags=none
SIGUSR2: [libjvm.so+0x923610], sa_mask[0]=00100000000000000000000000000000, sa_flags=SA_RESTART|SA_SIGINFO
SIGHUP: [libjvm.so+0x924a10], sa_mask[0]=11111111011111111101111111111110, sa_flags=SA_RESTART|SA_SIGINFO
SIGINT: [libjvm.so+0x924a10], sa_mask[0]=11111111011111111101111111111110, sa_flags=SA_RESTART|SA_SIGINFO
SIGTERM: [libjvm.so+0x924a10], sa_mask[0]=11111111011111111101111111111110, sa_flags=SA_RESTART|SA_SIGINFO
SIGQUIT: [libjvm.so+0x924a10], sa_mask[0]=11111111011111111101111111111110, sa_flags=SA_RESTART|SA_SIGINFO


---------------  S Y S T E M  ---------------

OS:DISTRIB_ID=Ubuntu
DISTRIB_RELEASE=16.04
DISTRIB_CODENAME=xenial
DISTRIB_DESCRIPTION="Ubuntu 16.04 LTS"

uname:Linux 4.4.0-81-generic #104-Ubuntu SMP Wed Jun 14 08:17:06 UTC 2017 x86_64
libc:glibc 2.23 NPTL 2.23 
rlimit: STACK 8192k, CORE 0k, NPROC 7814, NOFILE 65536, AS infinity
load average:1.11 1.02 0.88

/proc/meminfo:
MemTotal:        2039408 kB
MemFree:           73192 kB
MemAvailable:      37920 kB
Buffers:            1408 kB
Cached:            56048 kB
SwapCached:        13836 kB
Active:          1327364 kB
Inactive:         456396 kB
Active(anon):    1300408 kB
Inactive(anon):   436568 kB
Active(file):      26956 kB
Inactive(file):    19828 kB
Unevictable:          32 kB
Mlocked:              32 kB
SwapTotal:       1046524 kB
SwapFree:             28 kB
Dirty:               724 kB
Writeback:             0 kB
AnonPages:       1712820 kB
Mapped:            45992 kB
Shmem:             10640 kB
Slab:              72504 kB
SReclaimable:      33324 kB
SUnreclaim:        39180 kB
KernelStack:       15936 kB
PageTables:        42420 kB
NFS_Unstable:          0 kB
Bounce:                0 kB
WritebackTmp:          0 kB
CommitLimit:     2066228 kB
Committed_AS:    6807272 kB
VmallocTotal:   34359738367 kB
VmallocUsed:           0 kB
VmallocChunk:          0 kB
HardwareCorrupted:     0 kB
AnonHugePages:    645120 kB
CmaTotal:              0 kB
CmaFree:               0 kB
HugePages_Total:       0
HugePages_Free:        0
HugePages_Rsvd:        0
HugePages_Surp:        0
Hugepagesize:       2048 kB
DirectMap4k:       98176 kB
DirectMap2M:     1998848 kB
DirectMap1G:           0 kB


CPU:total 1 (initial active 1) (1 cores per cpu, 1 threads per core) family 6 model 69 stepping 1, cmov, cx8, fxsr, mmx, sse, sse2, sse3, ssse3, sse4.1, sse4.2, popcnt, avx, aes, clmul, erms, tsc, tscinvbit

/proc/cpuinfo:
processor	: 0
vendor_id	: GenuineIntel
cpu family	: 6
model		: 69
model name	: Intel(R) Core(TM) i5-4210U CPU @ 1.70GHz
stepping	: 1
microcode	: 0x1d
cpu MHz		: 1696.077
cache size	: 3072 KB
physical id	: 0
siblings	: 1
core id		: 0
cpu cores	: 1
apicid		: 0
initial apicid	: 0
fpu		: yes
fpu_exception	: yes
cpuid level	: 13
wp		: yes
flags		: fpu vme de pse tsc msr pae mce cx8 apic sep mtrr pge mca cmov pat pse36 clflush dts mmx fxsr sse sse2 ss syscall nx pdpe1gb rdtscp lm constant_tsc arch_perfmon pebs bts nopl xtopology tsc_reliable nonstop_tsc aperfmperf eagerfpu pni pclmulqdq ssse3 fma cx16 pcid sse4_1 sse4_2 x2apic movbe popcnt aes xsave avx f16c rdrand hypervisor lahf_lm epb fsgsbase smep xsaveopt dtherm ida arat pln pts
bugs		:
bogomips	: 3392.15
clflush size	: 64
cache_alignment	: 64
address sizes	: 40 bits physical, 48 bits virtual
power management:



Memory: 4k page, physical 2039408k(73192k free), swap 1046524k(28k free)

vm_info: Java HotSpot(TM) 64-Bit Server VM (25.131-b11) for linux-amd64 JRE (1.8.0_131-b11), built on Mar 15 2017 01:23:40 by "java_re" with gcc 4.3.0 20080428 (Red Hat 4.3.0-8)

time: Fri Jun 30 12:00:09 2017
elapsed time: 9 seconds (0d 0h 0m 9s)

