2017-07-17 08:53:53,676 DEBUG [org.apache.hadoop.security.UserGroupInformation] - PrivilegedAction as:hadoop (auth:SIMPLE) from:org.apache.hadoop.mapreduce.Job.updateStatus(Job.java:320)
  2017-07-17 08:53:53,676 DEBUG [org.apache.hadoop.security.UserGroupInformation] - PrivilegedAction as:hadoop (auth:SIMPLE) from:org.apache.hadoop.mapreduce.Job.updateStatus(Job.java:320)
  2017-07-17 08:53:54,356 INFO [org.apache.hadoop.mapred.LocalJobRunner] - 
  2017-07-17 08:53:54,356 INFO [org.apache.hadoop.mapred.MapTask] - Starting flush of map output
  2017-07-17 08:53:54,356 INFO [org.apache.hadoop.mapred.MapTask] - Spilling map output
  2017-07-17 08:53:54,357 INFO [org.apache.hadoop.mapred.MapTask] - bufstart = 0; bufend = 1501890; bufvoid = 104857600
  2017-07-17 08:53:54,357 INFO [org.apache.hadoop.mapred.MapTask] - kvstart = 26214396(104857584); kvend = 26035056(104140224); length = 179341/6553600
  2017-07-17 08:53:54,677 DEBUG [org.apache.hadoop.security.UserGroupInformation] - PrivilegedAction as:hadoop (auth:SIMPLE) from:org.apache.hadoop.mapreduce.Job.getTaskCompletionEvents(Job.java:670)
  2017-07-17 08:53:54,677 DEBUG [org.apache.hadoop.security.UserGroupInformation] - PrivilegedAction as:hadoop (auth:SIMPLE) from:org.apache.hadoop.mapreduce.Job.updateStatus(Job.java:320)
  2017-07-17 08:53:54,677 DEBUG [org.apache.hadoop.security.UserGroupInformation] - PrivilegedAction as:hadoop (auth:SIMPLE) from:org.apache.hadoop.mapreduce.Job.updateStatus(Job.java:320)
  2017-07-17 08:53:54,821 INFO [org.apache.hadoop.mapred.MapTask] - Finished spill 0
  2017-07-17 08:53:54,832 INFO [org.apache.hadoop.mapred.Task] - Task:attempt_local1249834343_0001_m_000000_0 is done. And is in the process of committing
  2017-07-17 08:53:54,865 INFO [org.apache.hadoop.mapred.LocalJobRunner] - map
  2017-07-17 08:53:54,865 INFO [org.apache.hadoop.mapred.Task] - Task 'attempt_local1249834343_0001_m_000000_0' done.
  2017-07-17 08:53:54,865 INFO [org.apache.hadoop.mapred.LocalJobRunner] - Finishing task: attempt_local1249834343_0001_m_000000_0
  2017-07-17 08:53:54,866 INFO [org.apache.hadoop.mapred.LocalJobRunner] - map task executor complete.
  2017-07-17 08:53:54,868 DEBUG [org.apache.hadoop.mapred.LocalJobRunner] - Starting reduce thread pool executor.
  2017-07-17 08:53:54,868 DEBUG [org.apache.hadoop.mapred.LocalJobRunner] - Max local threads: 1
  2017-07-17 08:53:54,868 DEBUG [org.apache.hadoop.mapred.LocalJobRunner] - Reduce tasks to process: 1
  2017-07-17 08:53:54,869 INFO [org.apache.hadoop.mapred.LocalJobRunner] - Waiting for reduce tasks
  2017-07-17 08:53:54,869 INFO [org.apache.hadoop.mapred.LocalJobRunner] - Starting task: attempt_local1249834343_0001_r_000000_0
  2017-07-17 08:53:54,879 DEBUG [org.apache.hadoop.mapred.SortedRanges] - currentIndex 0   0:0
  2017-07-17 08:53:54,896 DEBUG [org.apache.hadoop.mapred.LocalJobRunner] - mapreduce.cluster.local.dir for child : /tmp/hadoop-hadoop/mapred/local/localRunner//hadoop/jobcache/job_local1249834343_0001/attempt_local1249834343_0001_r_000000_0
  2017-07-17 08:53:54,901 DEBUG [org.apache.hadoop.mapred.Task] - using new api for output committer
  2017-07-17 08:53:54,906 INFO [org.apache.hadoop.mapreduce.lib.output.FileOutputCommitter] - File Output Committer Algorithm version is 1
  2017-07-17 08:53:54,906 INFO [org.apache.hadoop.mapred.Task] -  Using ResourceCalculatorProcessTree : [ ]
  2017-07-17 08:53:54,910 INFO [org.apache.hadoop.mapred.ReduceTask] - Using ShuffleConsumerPlugin: org.apache.hadoop.mapreduce.task.reduce.Shuffle@66a516
  2017-07-17 08:53:54,934 INFO [org.apache.hadoop.mapreduce.task.reduce.MergeManagerImpl] - MergerManager: memoryLimit=353376672, maxSingleShuffleLimit=88344168, mergeThreshold=233228608, ioSortFactor=10, memToMemMergeOutputsThreshold=10
  2017-07-17 08:53:54,952 INFO [org.apache.hadoop.mapreduce.task.reduce.EventFetcher] - attempt_local1249834343_0001_r_000000_0 Thread started: EventFetcher for fetching Map Completion Events
  2017-07-17 08:53:54,960 DEBUG [org.apache.hadoop.mapreduce.task.reduce.EventFetcher] - Got 0 map completion events from 0
  2017-07-17 08:53:54,960 DEBUG [org.apache.hadoop.mapreduce.task.reduce.EventFetcher] - GetMapEventsThread about to sleep for 1000
  2017-07-17 08:53:54,963 DEBUG [org.apache.hadoop.mapreduce.task.reduce.LocalFetcher] - LocalFetcher 1 going to fetch: attempt_local1249834343_0001_m_000000_0
  2017-07-17 08:53:55,068 DEBUG [org.apache.hadoop.mapreduce.task.reduce.MergeManagerImpl] - attempt_local1249834343_0001_m_000000_0: Proceeding with shuffle since usedMemory (0) is lesser than memoryLimit (353376672).CommitMemory is (0)
  2017-07-17 08:53:55,085 INFO [org.apache.hadoop.mapreduce.task.reduce.LocalFetcher] - localfetcher#1 about to shuffle output of map attempt_local1249834343_0001_m_000000_0 decomp: 1591564 len: 1591568 to MEMORY
  2017-07-17 08:53:55,113 INFO [org.apache.hadoop.mapreduce.task.reduce.InMemoryMapOutput] - Read 1591564 bytes from map-output for attempt_local1249834343_0001_m_000000_0
  2017-07-17 08:53:55,119 INFO [org.apache.hadoop.mapreduce.task.reduce.MergeManagerImpl] - closeInMemoryFile -> map-output of size: 1591564, inMemoryMapOutputs.size() -> 1, commitMemory -> 0, usedMemory ->1591564
  2017-07-17 08:53:55,120 DEBUG [org.apache.hadoop.mapreduce.task.reduce.ShuffleSchedulerImpl] - map attempt_local1249834343_0001_m_000000_0 done 1 / 1 copied.
  2017-07-17 08:53:55,120 INFO [org.apache.hadoop.mapreduce.task.reduce.EventFetcher] - EventFetcher is interrupted.. Returning
  2017-07-17 08:53:55,121 INFO [org.apache.hadoop.mapred.LocalJobRunner] - 1 / 1 copied.
  2017-07-17 08:53:55,122 INFO [org.apache.hadoop.mapreduce.task.reduce.MergeManagerImpl] - finalMerge called with 1 in-memory map-outputs and 0 on-disk map-outputs
  2017-07-17 08:53:55,142 INFO [org.apache.hadoop.mapred.Merger] - Merging 1 sorted segments
  2017-07-17 08:53:55,143 INFO [org.apache.hadoop.mapred.Merger] - Down to the last merge-pass, with 1 segments left of total size: 1591540 bytes
  2017-07-17 08:53:55,265 INFO [org.apache.hadoop.mapreduce.task.reduce.MergeManagerImpl] - Merged 1 segments, 1591564 bytes to disk to satisfy reduce memory limit
  2017-07-17 08:53:55,266 DEBUG [org.apache.hadoop.mapreduce.task.reduce.MergeManagerImpl] - Disk file: /tmp/hadoop-hadoop/mapred/local/localRunner/hadoop/jobcache/job_local1249834343_0001/attempt_local1249834343_0001_r_000000_0/output/map_0.out.merged Length is 1591568
  2017-07-17 08:53:55,266 INFO [org.apache.hadoop.mapreduce.task.reduce.MergeManagerImpl] - Merging 1 files, 1591568 bytes from disk
  2017-07-17 08:53:55,269 INFO [org.apache.hadoop.mapreduce.task.reduce.MergeManagerImpl] - Merging 0 segments, 0 bytes from memory into reduce
  2017-07-17 08:53:55,270 INFO [org.apache.hadoop.mapred.Merger] - Merging 1 sorted segments
  2017-07-17 08:53:55,270 INFO [org.apache.hadoop.mapred.Merger] - Down to the last merge-pass, with 1 segments left of total size: 1591540 bytes
  2017-07-17 08:53:55,270 INFO [org.apache.hadoop.mapred.LocalJobRunner] - 1 / 1 copied.
  2017-07-17 08:53:55,296 INFO [org.apache.hadoop.conf.Configuration.deprecation] - mapred.skip.on is deprecated. Instead, use mapreduce.job.skiprecords
  2017-07-17 08:53:55,476 INFO [org.apache.hadoop.mapred.Task] - Task:attempt_local1249834343_0001_r_000000_0 is done. And is in the process of committing
  2017-07-17 08:53:55,482 INFO [org.apache.hadoop.mapred.LocalJobRunner] - 1 / 1 copied.
  2017-07-17 08:53:55,486 INFO [org.apache.hadoop.mapred.Task] - Task attempt_local1249834343_0001_r_000000_0 is allowed to commit now
  2017-07-17 08:53:55,486 INFO [org.apache.hadoop.mapreduce.lib.output.FileOutputCommitter] - Saved output of task 'attempt_local1249834343_0001_r_000000_0' to file:/usr/local/hadoop/file/PayUserCI/_temporary/0/task_local1249834343_0001_r_000000
  2017-07-17 08:53:55,488 INFO [org.apache.hadoop.mapred.LocalJobRunner] - reduce > reduce
  2017-07-17 08:53:55,488 INFO [org.apache.hadoop.mapred.Task] - Task 'attempt_local1249834343_0001_r_000000_0' done.
  2017-07-17 08:53:55,488 INFO [org.apache.hadoop.mapred.LocalJobRunner] - Finishing task: attempt_local1249834343_0001_r_000000_0
  2017-07-17 08:53:55,489 INFO [org.apache.hadoop.mapred.LocalJobRunner] - reduce task executor complete.
  2017-07-17 08:53:55,492 DEBUG [org.apache.hadoop.mapreduce.lib.output.FileOutputCommitter] - Merging data from DeprecatedRawLocalFileStatus{path=file:/usr/local/hadoop/file/PayUserCI/_temporary/0/task_local1249834343_0001_r_000000; isDirectory=true; modification_time=1500252835000; access_time=0; owner=; group=; permission=rwxrwxrwx; isSymlink=false} to file:/usr/local/hadoop/file/PayUserCI
  2017-07-17 08:53:55,494 DEBUG [org.apache.hadoop.mapreduce.lib.output.FileOutputCommitter] - Merging data from DeprecatedRawLocalFileStatus{path=file:/usr/local/hadoop/file/PayUserCI/_temporary/0/task_local1249834343_0001_r_000000/part-r-00000; isDirectory=false; length=1460; replication=1; blocksize=33554432; modification_time=1500252835000; access_time=0; owner=; group=; permission=rw-rw-rw-; isSymlink=false} to file:/usr/local/hadoop/file/PayUserCI/part-r-00000
  2017-07-17 08:53:55,516 DEBUG [org.apache.hadoop.security.UserGroupInformation] - PrivilegedAction as:hadoop (auth:SIMPLE) from:org.apache.hadoop.fs.FileContext.getAbstractFileSystem(FileContext.java:331)
  2017-07-17 08:53:55,678 INFO [org.apache.hadoop.mapreduce.Job] -  map 100% reduce 100%
  2017-07-17 08:53:55,678 DEBUG [org.apache.hadoop.security.UserGroupInformation] - PrivilegedAction as:hadoop (auth:SIMPLE) from:org.apache.hadoop.mapreduce.Job.getTaskCompletionEvents(Job.java:670)
  2017-07-17 08:53:55,678 DEBUG [org.apache.hadoop.security.UserGroupInformation] - PrivilegedAction as:hadoop (auth:SIMPLE) from:org.apache.hadoop.mapreduce.Job.updateStatus(Job.java:320)
  2017-07-17 08:53:55,678 DEBUG [org.apache.hadoop.security.UserGroupInformation] - PrivilegedAction as:hadoop (auth:SIMPLE) from:org.apache.hadoop.mapreduce.Job.updateStatus(Job.java:320)
  2017-07-17 08:53:55,679 DEBUG [org.apache.hadoop.security.UserGroupInformation] - PrivilegedAction as:hadoop (auth:SIMPLE) from:org.apache.hadoop.mapreduce.Job.getTaskCompletionEvents(Job.java:670)
  2017-07-17 08:53:55,679 DEBUG [org.apache.hadoop.security.UserGroupInformation] - PrivilegedAction as:hadoop (auth:SIMPLE) from:org.apache.hadoop.mapreduce.Job.updateStatus(Job.java:320)
  2017-07-17 08:53:55,679 DEBUG [org.apache.hadoop.security.UserGroupInformation] - PrivilegedAction as:hadoop (auth:SIMPLE) from:org.apache.hadoop.mapreduce.Job.updateStatus(Job.java:320)
  2017-07-17 08:53:55,679 INFO [org.apache.hadoop.mapreduce.Job] - Job job_local1249834343_0001 completed successfully
  2017-07-17 08:53:55,679 DEBUG [org.apache.hadoop.security.UserGroupInformation] - PrivilegedAction as:hadoop (auth:SIMPLE) from:org.apache.hadoop.mapreduce.Job.getCounters(Job.java:758)
  2017-07-17 08:53:55,739 INFO [org.apache.hadoop.mapreduce.Job] - Counters: 30
	File System Counters
		FILE: Number of bytes read=38828238
		FILE: Number of bytes written=5343854
		FILE: Number of read operations=0
		FILE: Number of large read operations=0
		FILE: Number of write operations=0
	Map-Reduce Framework
		Map input records=129808
		Map output records=44836
		Map output bytes=1501890
		Map output materialized bytes=1591568
		Input split bytes=111
		Combine input records=0
		Combine output records=0
		Reduce input groups=40
		Reduce shuffle bytes=1591568
		Reduce input records=44836
		Reduce output records=40
		Spilled Records=89672
		Shuffled Maps =1
		Failed Shuffles=0
		Merged Map outputs=1
		GC time elapsed (ms)=222
		Total committed heap usage (bytes)=274866176
	Shuffle Errors
		BAD_ID=0
		CONNECTION=0
		IO_ERROR=0
		WRONG_LENGTH=0
		WRONG_MAP=0
		WRONG_REDUCE=0
	File Input Format Counters 
		Bytes Read=17822366
	File Output Format Counters 
		Bytes Written=1480
  2017-07-17 08:53:55,747 DEBUG [org.apache.hadoop.security.UserGroupInformation] - PrivilegedAction as:hadoop (auth:SIMPLE) from:org.apache.hadoop.mapreduce.Job.updateStatus(Job.java:320)
  2017-07-17 08:53:56,339 DEBUG [org.apache.http.impl.conn.BasicClientConnectionManager] - Get connection for route {}->http://123.206.184.214
  2017-07-17 08:53:56,355 DEBUG [org.apache.http.impl.conn.DefaultClientConnectionOperator] - Connecting to 123.206.184.214:80
  2017-07-17 08:53:56,417 DEBUG [org.apache.http.client.protocol.RequestAddCookies] - CookieSpec selected: best-match
  2017-07-17 08:53:56,439 DEBUG [org.apache.http.client.protocol.RequestAuthCache] - Auth cache not set in the context
  2017-07-17 08:53:56,440 DEBUG [org.apache.http.client.protocol.RequestTargetAuthentication] - Target auth state: UNCHALLENGED
  2017-07-17 08:53:56,440 DEBUG [org.apache.http.client.protocol.RequestProxyAuthentication] - Proxy auth state: UNCHALLENGED
  2017-07-17 08:53:56,446 DEBUG [org.apache.http.impl.client.DefaultHttpClient] - Attempt 1 to execute request
  2017-07-17 08:53:56,446 DEBUG [org.apache.http.impl.conn.DefaultClientConnection] - Sending request: POST /upload/pu HTTP/1.1
  2017-07-17 08:53:56,446 DEBUG [org.apache.http.wire] - >> "POST /upload/pu HTTP/1.1[\r][\n]"
  2017-07-17 08:53:56,447 DEBUG [org.apache.http.wire] - >> "Content-Length: 2061[\r][\n]"
  2017-07-17 08:53:56,447 DEBUG [org.apache.http.wire] - >> "Content-Type: multipart/form-data; boundary=eHE1Fz0GJwPdhBd0W6Tkm6X6nJMNy7[\r][\n]"
  2017-07-17 08:53:56,448 DEBUG [org.apache.http.wire] - >> "Host: 123.206.184.214[\r][\n]"
  2017-07-17 08:53:56,448 DEBUG [org.apache.http.wire] - >> "Connection: Keep-Alive[\r][\n]"
  2017-07-17 08:53:56,448 DEBUG [org.apache.http.wire] - >> "User-Agent: Apache-HttpClient/4.2.5 (java 1.5)[\r][\n]"
  2017-07-17 08:53:56,448 DEBUG [org.apache.http.wire] - >> "[\r][\n]"
  2017-07-17 08:53:56,448 DEBUG [org.apache.http.headers] - >> POST /upload/pu HTTP/1.1
  2017-07-17 08:53:56,448 DEBUG [org.apache.http.headers] - >> Content-Length: 2061
  2017-07-17 08:53:56,448 DEBUG [org.apache.http.headers] - >> Content-Type: multipart/form-data; boundary=eHE1Fz0GJwPdhBd0W6Tkm6X6nJMNy7
  2017-07-17 08:53:56,448 DEBUG [org.apache.http.headers] - >> Host: 123.206.184.214
  2017-07-17 08:53:56,448 DEBUG [org.apache.http.headers] - >> Connection: Keep-Alive
  2017-07-17 08:53:56,448 DEBUG [org.apache.http.headers] - >> User-Agent: Apache-HttpClient/4.2.5 (java 1.5)
  2017-07-17 08:53:56,448 DEBUG [org.apache.http.wire] - >> "--"
  2017-07-17 08:53:56,449 DEBUG [org.apache.http.wire] - >> "eHE1Fz0GJwPdhBd0W6Tkm6X6nJMNy7"
  2017-07-17 08:53:56,449 DEBUG [org.apache.http.wire] - >> "[\r][\n]"
  2017-07-17 08:53:56,449 DEBUG [org.apache.http.wire] - >> "Content-Disposition"
  2017-07-17 08:53:56,449 DEBUG [org.apache.http.wire] - >> ": "
  2017-07-17 08:53:56,449 DEBUG [org.apache.http.wire] - >> "form-data; name="file"; filename="2017-05-01_pu_ci.txt""
  2017-07-17 08:53:56,449 DEBUG [org.apache.http.wire] - >> "[\r][\n]"
  2017-07-17 08:53:56,449 DEBUG [org.apache.http.wire] - >> "Content-Type"
  2017-07-17 08:53:56,449 DEBUG [org.apache.http.wire] - >> ": "
  2017-07-17 08:53:56,449 DEBUG [org.apache.http.wire] - >> "application/octet-stream"
  2017-07-17 08:53:56,449 DEBUG [org.apache.http.wire] - >> "[\r][\n]"
  2017-07-17 08:53:56,449 DEBUG [org.apache.http.wire] - >> "Content-Transfer-Encoding"
  2017-07-17 08:53:56,449 DEBUG [org.apache.http.wire] - >> ": "
  2017-07-17 08:53:56,449 DEBUG [org.apache.http.wire] - >> "binary"
  2017-07-17 08:53:56,450 DEBUG [org.apache.http.wire] - >> "[\r][\n]"
  2017-07-17 08:53:56,450 DEBUG [org.apache.http.wire] - >> "[\r][\n]"
  2017-07-17 08:53:56,451 DEBUG [org.apache.http.wire] - >> "{"date":"2017-05-01","data":[{"app_key":"00018AF4A06EB697","data":[{"value":"2G","count":"1028"},{"value":"3G","count":"1135"},{"value":"4G","count":"1118"},{"value":"WiFi","count":"1063"}]},{"app_key":"0002B7805A0D8792","data":[{"value":"2G","count":"1124"},{"value":"3G","count":"1096"},{"value":"4G","count":"1143"},{"value":"WiFi","count":"1164"}]},{"app_key":"0002DDE2C8A17EB4","data":[{"value":"2G","count":"1104"},{"value":"3G","count":"1131"},{"value":"4G","count":"1082"},{"value":"WiFi","count":"1126"}]},{"app_key":"000306365FC1F049","data":[{"value":"2G","count":"1165"},{"value":"3G","count":"1073"},{"value":"4G","count":"1118"},{"value":"WiFi","count":"1063"}]},{"app_key":"000311BFD25A43AE","data":[{"value":"2G","count":"1096"},{"value":"3G","count":"1127"},{"value":"4G","count":"1083"},{"value":"WiFi","count":"1116"}]},{"app_key":"0003529C5BA78AB7","data":[{"value":"2G","count":"1117"},{"value":"3G","count":"1055"},{"value":"4G","count":"1125"},{"value":"WiFi","count":"1135"}]},{"app_key":"0003A2D2BA0018D1","data":[{"value":"2G","count":"1219"},{"value":"3G","count":"1137"},{"value":"4G","count":"1126"},{"value":"WiFi","count":"1130"}]},{"app_key":"0003CAB5CF9A47B5","data":[{"value":"2G","count":"1145"},{"value":"3G","count":"1155"},{"value":"4G","count":"1170"},{"value":"WiFi","count":"1140"}]},{"app_key":"00044AB2EC1FA80B","data":[{"value":"2G","count":"1134"},{"value":"3G","count":"1126"},{"value":"4G","count":"1184"},{"value":"WiFi","count":"1118"}]},{"app_key":"00044FDF178A9DF3","data":[{"value":"2G","count":"1128"},{"value":"3G","count":"1096"},{"value":"4G","count":"1145"},{"value":"WiFi","count":"1096"}]}]}"
  2017-07-17 08:53:56,451 DEBUG [org.apache.http.wire] - >> "[\r][\n]"
  2017-07-17 08:53:56,451 DEBUG [org.apache.http.wire] - >> "--"
  2017-07-17 08:53:56,451 DEBUG [org.apache.http.wire] - >> "eHE1Fz0GJwPdhBd0W6Tkm6X6nJMNy7"
  2017-07-17 08:53:56,452 DEBUG [org.apache.http.wire] - >> "[\r][\n]"
  2017-07-17 08:53:56,453 DEBUG [org.apache.http.wire] - >> "Content-Disposition"
  2017-07-17 08:53:56,454 DEBUG [org.apache.http.wire] - >> ": "
  2017-07-17 08:53:56,454 DEBUG [org.apache.http.wire] - >> "form-data; name="filename""
  2017-07-17 08:53:56,454 DEBUG [org.apache.http.wire] - >> "[\r][\n]"
  2017-07-17 08:53:56,454 DEBUG [org.apache.http.wire] - >> "Content-Type"
  2017-07-17 08:53:56,454 DEBUG [org.apache.http.wire] - >> ": "
  2017-07-17 08:53:56,454 DEBUG [org.apache.http.wire] - >> "text/plain; charset=US-ASCII"
  2017-07-17 08:53:56,454 DEBUG [org.apache.http.wire] - >> "[\r][\n]"
  2017-07-17 08:53:56,454 DEBUG [org.apache.http.wire] - >> "Content-Transfer-Encoding"
  2017-07-17 08:53:56,454 DEBUG [org.apache.http.wire] - >> ": "
  2017-07-17 08:53:56,454 DEBUG [org.apache.http.wire] - >> "8bit"
  2017-07-17 08:53:56,454 DEBUG [org.apache.http.wire] - >> "[\r][\n]"
  2017-07-17 08:53:56,454 DEBUG [org.apache.http.wire] - >> "[\r][\n]"
  2017-07-17 08:53:56,454 DEBUG [org.apache.http.wire] - >> "2017-05-01_pu_ci.txt"
  2017-07-17 08:53:56,455 DEBUG [org.apache.http.wire] - >> "[\r][\n]"
  2017-07-17 08:53:56,455 DEBUG [org.apache.http.wire] - >> "--"
  2017-07-17 08:53:56,455 DEBUG [org.apache.http.wire] - >> "eHE1Fz0GJwPdhBd0W6Tkm6X6nJMNy7"
  2017-07-17 08:53:56,455 DEBUG [org.apache.http.wire] - >> "--"
  2017-07-17 08:53:56,455 DEBUG [org.apache.http.wire] - >> "[\r][\n]"
  2017-07-17 08:53:56,504 DEBUG [org.apache.http.wire] - << "HTTP/1.1 200 OK[\r][\n]"
  2017-07-17 08:53:56,506 DEBUG [org.apache.http.wire] - << "Server: nginx/1.10.0 (Ubuntu)[\r][\n]"
  2017-07-17 08:53:56,506 DEBUG [org.apache.http.wire] - << "Content-Type: application/json[\r][\n]"
  2017-07-17 08:53:56,506 DEBUG [org.apache.http.wire] - << "Transfer-Encoding: chunked[\r][\n]"
  2017-07-17 08:53:56,506 DEBUG [org.apache.http.wire] - << "Connection: keep-alive[\r][\n]"
  2017-07-17 08:53:56,506 DEBUG [org.apache.http.wire] - << "Cache-Control: no-cache, private[\r][\n]"
  2017-07-17 08:53:56,506 DEBUG [org.apache.http.wire] - << "Date: Mon, 17 Jul 2017 00:53:56 GMT[\r][\n]"
  2017-07-17 08:53:56,506 DEBUG [org.apache.http.wire] - << "Set-Cookie: laravel_session=WO2ZVSRxQXTFA9CVnIE78WxAUgFoLFenXKUdVKhk; expires=Mon, 17-Jul-2017 02:53:56 GMT; Max-Age=7200; path=/; HttpOnly[\r][\n]"
  2017-07-17 08:53:56,506 DEBUG [org.apache.http.wire] - << "[\r][\n]"
  2017-07-17 08:53:56,507 DEBUG [org.apache.http.impl.conn.DefaultClientConnection] - Receiving response: HTTP/1.1 200 OK
  2017-07-17 08:53:56,508 DEBUG [org.apache.http.headers] - << HTTP/1.1 200 OK
  2017-07-17 08:53:56,508 DEBUG [org.apache.http.headers] - << Server: nginx/1.10.0 (Ubuntu)
  2017-07-17 08:53:56,508 DEBUG [org.apache.http.headers] - << Content-Type: application/json
  2017-07-17 08:53:56,508 DEBUG [org.apache.http.headers] - << Transfer-Encoding: chunked
  2017-07-17 08:53:56,508 DEBUG [org.apache.http.headers] - << Connection: keep-alive
  2017-07-17 08:53:56,508 DEBUG [org.apache.http.headers] - << Cache-Control: no-cache, private
  2017-07-17 08:53:56,508 DEBUG [org.apache.http.headers] - << Date: Mon, 17 Jul 2017 00:53:56 GMT
  2017-07-17 08:53:56,508 DEBUG [org.apache.http.headers] - << Set-Cookie: laravel_session=WO2ZVSRxQXTFA9CVnIE78WxAUgFoLFenXKUdVKhk; expires=Mon, 17-Jul-2017 02:53:56 GMT; Max-Age=7200; path=/; HttpOnly
  2017-07-17 08:53:56,554 DEBUG [org.apache.http.client.protocol.ResponseProcessCookies] - Cookie accepted: "[version: 0][name: laravel_session][value: WO2ZVSRxQXTFA9CVnIE78WxAUgFoLFenXKUdVKhk][domain: 123.206.184.214][path: /][expiry: Mon Jul 17 10:53:56 CST 2017]". 
  2017-07-17 08:53:56,556 DEBUG [org.apache.http.impl.client.DefaultHttpClient] - Connection can be kept alive indefinitely
  2017-07-17 08:53:56,582 DEBUG [org.apache.http.wire] - << "2e[\r][\n]"
  2017-07-17 08:53:56,582 DEBUG [org.apache.http.wire] - << "{"code":"1","status":"\u6210\u529f","data":""}"
  2017-07-17 08:53:56,583 DEBUG [org.apache.http.wire] - << "[\r][\n]"
  2017-07-17 08:53:56,583 DEBUG [org.apache.http.wire] - << "0[\r][\n]"
  2017-07-17 08:53:56,583 DEBUG [org.apache.http.wire] - << "[\r][\n]"
  2017-07-17 08:53:56,583 DEBUG [org.apache.http.impl.conn.BasicClientConnectionManager] - Releasing connection org.apache.http.impl.conn.ManagedClientConnectionImpl@16fdec90
  2017-07-17 08:53:56,583 DEBUG [org.apache.http.impl.conn.BasicClientConnectionManager] - Connection can be kept alive indefinitely
  2017-07-17 08:53:56,584 DEBUG [org.apache.http.impl.conn.DefaultClientConnection] - Connection 0.0.0.0:46862<->123.206.184.214:80 closed
  